<?xml version="1.0" encoding="UTF-8"?>
<coverage generated="1741650600826" clover="3.2.0">
  <project timestamp="1741650600826" name="All files">
    <metrics statements="774" coveredstatements="609" conditionals="419" coveredconditionals="300" methods="44" coveredmethods="39" elements="1237" coveredelements="948" complexity="0" loc="774" ncloc="774" packages="2" files="7" classes="7"/>
    <package name="gameLogic">
      <metrics statements="695" coveredstatements="530" conditionals="408" coveredconditionals="289" methods="37" coveredmethods="32"/>
      <file name="calculateThreateningSquares.ts" path="C:\Users\George\Desktop\PracticeProjects\chess\client\src\gameLogic\calculateThreateningSquares.ts">
        <metrics statements="30" coveredstatements="27" conditionals="19" coveredconditionals="17" methods="2" coveredmethods="2"/>
        <line num="3" count="1" type="stmt"/>
        <line num="10" count="58" type="cond" truecount="1" falsecount="1"/>
        <line num="11" count="58" type="stmt"/>
        <line num="13" count="0" type="stmt"/>
        <line num="15" count="58" type="stmt"/>
        <line num="17" count="58" type="stmt"/>
        <line num="25" count="58" type="cond" truecount="0" falsecount="1"/>
        <line num="26" count="0" type="stmt"/>
        <line num="27" count="0" type="stmt"/>
        <line num="30" count="58" type="stmt"/>
        <line num="31" count="928" type="stmt"/>
        <line num="34" count="928" type="cond" truecount="5" falsecount="0"/>
        <line num="35" count="464" type="stmt"/>
        <line num="36" count="464" type="stmt"/>
        <line num="37" count="464" type="stmt"/>
        <line num="38" count="464" type="cond" truecount="5" falsecount="0"/>
        <line num="39" count="270" type="stmt"/>
        <line num="41" count="194" type="stmt"/>
        <line num="45" count="464" type="stmt"/>
        <line num="46" count="464" type="stmt"/>
        <line num="47" count="1681" type="stmt"/>
        <line num="48" count="1681" type="stmt"/>
        <line num="49" count="1681" type="stmt"/>
        <line num="50" count="1681" type="cond" truecount="6" falsecount="0"/>
        <line num="51" count="1256" type="stmt"/>
        <line num="53" count="425" type="stmt"/>
        <line num="56" count="464" type="stmt"/>
        <line num="59" count="58" type="stmt"/>
        <line num="60" count="58" type="stmt"/>
        <line num="63" count="1" type="stmt"/>
      </file>
      <file name="enPassant.ts" path="C:\Users\George\Desktop\PracticeProjects\chess\client\src\gameLogic\enPassant.ts">
        <metrics statements="21" coveredstatements="13" conditionals="20" coveredconditionals="7" methods="1" coveredmethods="1"/>
        <line num="4" count="1" type="stmt"/>
        <line num="7" count="1" type="cond" truecount="0" falsecount="1"/>
        <line num="8" count="0" type="stmt"/>
        <line num="9" count="0" type="stmt"/>
        <line num="12" count="1" type="stmt"/>
        <line num="13" count="1" type="cond" truecount="1" falsecount="1"/>
        <line num="14" count="1" type="cond" truecount="1" falsecount="1"/>
        <line num="19" count="1" type="cond" truecount="4" falsecount="1"/>
        <line num="28" count="1" type="stmt"/>
        <line num="32" count="1" type="stmt"/>
        <line num="33" count="1" type="cond" truecount="0" falsecount="1"/>
        <line num="34" count="0" type="stmt"/>
        <line num="35" count="0" type="cond" truecount="0" falsecount="6"/>
        <line num="40" count="0" type="stmt"/>
        <line num="44" count="1" type="stmt"/>
        <line num="47" count="1" type="cond" truecount="1" falsecount="2"/>
        <line num="48" count="0" type="stmt"/>
        <line num="56" count="0" type="stmt"/>
        <line num="57" count="0" type="stmt"/>
        <line num="61" count="1" type="stmt"/>
        <line num="64" count="1" type="stmt"/>
      </file>
      <file name="isCheckOpponent.ts" path="C:\Users\George\Desktop\PracticeProjects\chess\client\src\gameLogic\isCheckOpponent.ts">
        <metrics statements="206" coveredstatements="188" conditionals="121" coveredconditionals="103" methods="6" coveredmethods="6"/>
        <line num="2" count="1" type="stmt"/>
        <line num="21" count="23" type="stmt"/>
        <line num="28" count="51" type="stmt"/>
        <line num="29" count="23" type="stmt"/>
        <line num="30" count="6" type="stmt"/>
        <line num="31" count="6" type="stmt"/>
        <line num="32" count="12" type="stmt"/>
        <line num="33" count="12" type="stmt"/>
        <line num="34" count="12" type="cond" truecount="5" falsecount="0"/>
        <line num="35" count="12" type="cond" truecount="3" falsecount="0"/>
        <line num="36" count="6" type="stmt"/>
        <line num="41" count="17" type="stmt"/>
        <line num="45" count="16" type="stmt"/>
        <line num="49" count="16" type="cond" truecount="2" falsecount="0"/>
        <line num="51" count="16" type="stmt"/>
        <line num="52" count="29" type="stmt"/>
        <line num="53" count="29" type="stmt"/>
        <line num="56" count="29" type="cond" truecount="5" falsecount="0"/>
        <line num="57" count="29" type="stmt"/>
        <line num="58" count="29" type="cond" truecount="3" falsecount="0"/>
        <line num="59" count="3" type="stmt"/>
        <line num="60" count="3" type="stmt"/>
        <line num="65" count="13" type="stmt"/>
        <line num="69" count="23" type="stmt"/>
        <line num="70" count="23" type="stmt"/>
        <line num="71" count="23" type="stmt"/>
        <line num="72" count="23" type="stmt"/>
        <line num="73" count="23" type="stmt"/>
        <line num="74" count="23" type="stmt"/>
        <line num="75" count="23" type="stmt"/>
        <line num="76" count="23" type="cond" truecount="2" falsecount="0"/>
        <line num="77" count="23" type="cond" truecount="2" falsecount="0"/>
        <line num="82" count="23" type="stmt"/>
        <line num="83" count="23" type="cond" truecount="1" falsecount="0"/>
        <line num="84" count="23" type="stmt"/>
        <line num="85" count="23" type="stmt"/>
        <line num="94" count="23" type="cond" truecount="3" falsecount="1"/>
        <line num="95" count="0" type="stmt"/>
        <line num="99" count="23" type="stmt"/>
        <line num="100" count="23" type="stmt"/>
        <line num="105" count="23" type="cond" truecount="1" falsecount="0"/>
        <line num="106" count="6" type="stmt"/>
        <line num="107" count="6" type="stmt"/>
        <line num="111" count="23" type="cond" truecount="3" falsecount="0"/>
        <line num="112" count="1" type="stmt"/>
        <line num="114" count="1" type="cond" truecount="4" falsecount="1"/>
        <line num="117" count="1" type="stmt"/>
        <line num="118" count="1" type="stmt"/>
        <line num="121" count="0" type="cond" truecount="0" falsecount="4"/>
        <line num="124" count="0" type="stmt"/>
        <line num="125" count="0" type="stmt"/>
        <line num="130" count="23" type="cond" truecount="3" falsecount="0"/>
        <line num="131" count="3" type="stmt"/>
        <line num="132" count="3" type="stmt"/>
        <line num="135" count="23" type="stmt"/>
        <line num="140" count="46" type="stmt"/>
        <line num="141" count="46" type="stmt"/>
        <line num="142" count="46" type="stmt"/>
        <line num="143" count="46" type="stmt"/>
        <line num="145" count="46" type="stmt"/>
        <line num="146" count="46" type="cond" truecount="2" falsecount="0"/>
        <line num="155" count="46" type="stmt"/>
        <line num="156" count="46" type="stmt"/>
        <line num="157" count="46" type="stmt"/>
        <line num="158" count="46" type="stmt"/>
        <line num="160" count="46" type="stmt"/>
        <line num="163" count="46" type="cond" truecount="4" falsecount="0"/>
        <line num="164" count="10" type="stmt"/>
        <line num="165" count="10" type="stmt"/>
        <line num="166" count="10" type="stmt"/>
        <line num="169" count="46" type="stmt"/>
        <line num="170" count="552" type="stmt"/>
        <line num="172" count="552" type="cond" truecount="1" falsecount="0"/>
        <line num="173" count="172" type="stmt"/>
        <line num="174" count="172" type="stmt"/>
        <line num="177" count="380" type="stmt"/>
        <line num="178" count="380" type="stmt"/>
        <line num="179" count="948" type="cond" truecount="1" falsecount="0"/>
        <line num="180" count="948" type="stmt"/>
        <line num="181" count="948" type="stmt"/>
        <line num="182" count="948" type="stmt"/>
        <line num="183" count="948" type="stmt"/>
        <line num="184" count="948" type="cond" truecount="3" falsecount="0"/>
        <line num="185" count="50" type="stmt"/>
        <line num="186" count="50" type="stmt"/>
        <line num="188" count="898" type="cond" truecount="3" falsecount="0"/>
        <line num="189" count="136" type="stmt"/>
        <line num="190" count="136" type="stmt"/>
        <line num="192" count="762" type="cond" truecount="4" falsecount="0"/>
        <line num="193" count="704" type="stmt"/>
        <line num="194" count="704" type="stmt"/>
        <line num="198" count="58" type="stmt"/>
        <line num="199" count="58" type="cond" truecount="1" falsecount="0"/>
        <line num="200" count="4" type="stmt"/>
        <line num="203" count="4" type="stmt"/>
        <line num="210" count="54" type="cond" truecount="14" falsecount="0"/>
        <line num="215" count="36" type="stmt"/>
        <line num="216" count="36" type="stmt"/>
        <line num="218" count="18" type="cond" truecount="1" falsecount="0"/>
        <line num="219" count="18" type="stmt"/>
        <line num="220" count="18" type="stmt"/>
        <line num="221" count="18" type="stmt"/>
        <line num="222" count="18" type="stmt"/>
        <line num="223" count="18" type="stmt"/>
        <line num="224" count="18" type="stmt"/>
        <line num="225" count="18" type="stmt"/>
        <line num="228" count="36" type="cond" truecount="6" falsecount="0"/>
        <line num="229" count="2" type="stmt"/>
        <line num="230" count="2" type="stmt"/>
        <line num="231" count="2" type="stmt"/>
        <line num="232" count="2" type="stmt"/>
        <line num="235" count="34" type="stmt"/>
        <line num="236" count="76" type="stmt"/>
        <line num="242" count="76" type="stmt"/>
        <line num="244" count="76" type="cond" truecount="2" falsecount="0"/>
        <line num="245" count="22" type="stmt"/>
        <line num="247" count="22" type="stmt"/>
        <line num="252" count="54" type="stmt"/>
        <line num="255" count="34" type="stmt"/>
        <line num="256" count="34" type="stmt"/>
        <line num="257" count="544" type="stmt"/>
        <line num="258" count="1216" type="cond" truecount="1" falsecount="2"/>
        <line num="260" count="0" type="stmt"/>
        <line num="261" count="0" type="stmt"/>
        <line num="262" count="0" type="stmt"/>
        <line num="265" count="544" type="cond" truecount="0" falsecount="1"/>
        <line num="266" count="0" type="stmt"/>
        <line num="269" count="34" type="cond" truecount="0" falsecount="1"/>
        <line num="270" count="0" type="stmt"/>
        <line num="273" count="362" type="cond" truecount="0" falsecount="1"/>
        <line num="274" count="0" type="stmt"/>
        <line num="277" count="362" type="cond" truecount="1" falsecount="0"/>
        <line num="278" count="22" type="cond" truecount="1" falsecount="1"/>
        <line num="279" count="22" type="stmt"/>
        <line num="280" count="22" type="cond" truecount="1" falsecount="0"/>
        <line num="281" count="22" type="stmt"/>
        <line num="282" count="22" type="stmt"/>
        <line num="283" count="22" type="cond" truecount="3" falsecount="1"/>
        <line num="284" count="22" type="stmt"/>
        <line num="285" count="22" type="stmt"/>
        <line num="286" count="22" type="stmt"/>
        <line num="290" count="0" type="stmt"/>
        <line num="291" count="0" type="stmt"/>
        <line num="292" count="0" type="stmt"/>
        <line num="297" count="6" type="stmt"/>
        <line num="301" count="23" type="stmt"/>
        <line num="302" count="23" type="stmt"/>
        <line num="305" count="23" type="stmt"/>
        <line num="306" count="23" type="stmt"/>
        <line num="307" count="23" type="stmt"/>
        <line num="308" count="23" type="stmt"/>
        <line num="309" count="23" type="stmt"/>
        <line num="310" count="23" type="stmt"/>
        <line num="311" count="23" type="stmt"/>
        <line num="314" count="23" type="cond" truecount="3" falsecount="0"/>
        <line num="315" count="11" type="stmt"/>
        <line num="316" count="19" type="stmt"/>
        <line num="317" count="19" type="cond" truecount="1" falsecount="0"/>
        <line num="318" count="19" type="stmt"/>
        <line num="319" count="19" type="stmt"/>
        <line num="320" count="19" type="stmt"/>
        <line num="321" count="19" type="stmt"/>
        <line num="323" count="19" type="cond" truecount="0" falsecount="1"/>
        <line num="324" count="0" type="stmt"/>
        <line num="325" count="0" type="stmt"/>
        <line num="326" count="0" type="cond" truecount="0" falsecount="4"/>
        <line num="327" count="0" type="stmt"/>
        <line num="328" count="0" type="stmt"/>
        <line num="332" count="19" type="stmt"/>
        <line num="333" count="19" type="cond" truecount="3" falsecount="0"/>
        <line num="334" count="9" type="stmt"/>
        <line num="335" count="9" type="stmt"/>
        <line num="336" count="9" type="stmt"/>
        <line num="337" count="9" type="stmt"/>
        <line num="338" count="9" type="stmt"/>
        <line num="339" count="9" type="stmt"/>
        <line num="340" count="9" type="stmt"/>
        <line num="341" count="9" type="stmt"/>
        <line num="346" count="23" type="stmt"/>
        <line num="347" count="23" type="stmt"/>
        <line num="348" count="23" type="cond" truecount="3" falsecount="0"/>
        <line num="349" count="23" type="cond" truecount="1" falsecount="0"/>
        <line num="350" count="23" type="stmt"/>
        <line num="351" count="17" type="stmt"/>
        <line num="352" count="17" type="stmt"/>
        <line num="353" count="17" type="stmt"/>
        <line num="354" count="27" type="stmt"/>
        <line num="355" count="27" type="cond" truecount="4" falsecount="0"/>
        <line num="356" count="7" type="stmt"/>
        <line num="357" count="7" type="stmt"/>
        <line num="358" count="7" type="stmt"/>
        <line num="361" count="17" type="cond" truecount="1" falsecount="0"/>
        <line num="362" count="7" type="stmt"/>
        <line num="363" count="7" type="stmt"/>
        <line num="369" count="23" type="stmt"/>
        <line num="373" count="23" type="cond" truecount="1" falsecount="0"/>
        <line num="375" count="7" type="stmt"/>
        <line num="376" count="7" type="stmt"/>
        <line num="383" count="23" type="stmt"/>
        <line num="386" count="23" type="stmt"/>
        <line num="389" count="23" type="stmt"/>
        <line num="391" count="23" type="stmt"/>
        <line num="392" count="23" type="stmt"/>
        <line num="393" count="23" type="stmt"/>
        <line num="394" count="23" type="stmt"/>
        <line num="397" count="1" type="stmt"/>
      </file>
      <file name="pawnPromotion.ts" path="C:\Users\George\Desktop\PracticeProjects\chess\client\src\gameLogic\pawnPromotion.ts">
        <metrics statements="22" coveredstatements="4" conditionals="12" coveredconditionals="3" methods="4" coveredmethods="1"/>
        <line num="7" count="1" type="cond" truecount="0" falsecount="1"/>
        <line num="8" count="0" type="stmt"/>
        <line num="11" count="1" type="stmt"/>
        <line num="14" count="1" type="cond" truecount="3" falsecount="1"/>
        <line num="31" count="0" type="cond" truecount="0" falsecount="3"/>
        <line num="32" count="0" type="stmt"/>
        <line num="33" count="0" type="stmt"/>
        <line num="36" count="0" type="stmt"/>
        <line num="39" count="0" type="stmt"/>
        <line num="42" count="0" type="stmt"/>
        <line num="50" count="0" type="stmt"/>
        <line num="51" count="0" type="stmt"/>
        <line num="54" count="0" type="stmt"/>
        <line num="55" count="0" type="stmt"/>
        <line num="56" count="0" type="cond" truecount="0" falsecount="2"/>
        <line num="59" count="0" type="cond" truecount="0" falsecount="1"/>
        <line num="60" count="0" type="stmt"/>
        <line num="68" count="0" type="stmt"/>
        <line num="80" count="0" type="stmt"/>
        <line num="82" count="0" type="stmt"/>
        <line num="90" count="0" type="stmt"/>
        <line num="93" count="1" type="stmt"/>
      </file>
      <file name="pieceMoves.ts" path="C:\Users\George\Desktop\PracticeProjects\chess\client\src\gameLogic\pieceMoves.ts">
        <metrics statements="99" coveredstatements="94" conditionals="86" coveredconditionals="71" methods="12" coveredmethods="12"/>
        <line num="6" count="16" type="cond" truecount="2" falsecount="1"/>
        <line num="7" count="0" type="stmt"/>
        <line num="9" count="16" type="stmt"/>
        <line num="12" count="1" type="stmt"/>
        <line num="29" count="1" type="stmt"/>
        <line num="30" count="1" type="stmt"/>
        <line num="31" count="1" type="stmt"/>
        <line num="32" count="1" type="stmt"/>
        <line num="36" count="16" type="cond" truecount="3" falsecount="0"/>
        <line num="37" count="16" type="stmt"/>
        <line num="40" count="16" type="stmt"/>
        <line num="42" count="189" type="stmt"/>
        <line num="43" count="16" type="stmt"/>
        <line num="45" count="16" type="cond" truecount="1" falsecount="0"/>
        <line num="46" count="4" type="cond" truecount="1" falsecount="1"/>
        <line num="47" count="4" type="cond" truecount="2" falsecount="0"/>
        <line num="48" count="4" type="stmt"/>
        <line num="49" count="320" type="cond" truecount="4" falsecount="1"/>
        <line num="51" count="12" type="stmt"/>
        <line num="52" count="12" type="stmt"/>
        <line num="54" count="0" type="stmt"/>
        <line num="57" count="1" type="stmt"/>
        <line num="58" count="1" type="stmt"/>
        <line num="61" count="1" type="stmt"/>
        <line num="62" count="1" type="cond" truecount="1" falsecount="1"/>
        <line num="63" count="1" type="stmt"/>
        <line num="65" count="1" type="stmt"/>
        <line num="68" count="1" type="cond" truecount="1" falsecount="0"/>
        <line num="75" count="1" type="stmt"/>
        <line num="79" count="1" type="cond" truecount="1" falsecount="0"/>
        <line num="80" count="1" type="cond" truecount="1" falsecount="1"/>
        <line num="81" count="1" type="stmt"/>
        <line num="83" count="1" type="cond" truecount="1" falsecount="0"/>
        <line num="91" count="1" type="stmt"/>
        <line num="92" count="1" type="stmt"/>
        <line num="97" count="1" type="stmt"/>
        <line num="101" count="1" type="stmt"/>
        <line num="105" count="1" type="cond" truecount="1" falsecount="1"/>
        <line num="108" count="1" type="cond" truecount="0" falsecount="1"/>
        <line num="115" count="0" type="stmt"/>
        <line num="117" count="1" type="cond" truecount="0" falsecount="1"/>
        <line num="124" count="0" type="stmt"/>
        <line num="126" count="1" type="stmt"/>
        <line num="127" count="1" type="stmt"/>
        <line num="129" count="1" type="stmt"/>
        <line num="132" count="10" type="stmt"/>
        <line num="134" count="10" type="cond" truecount="2" falsecount="0"/>
        <line num="135" count="4" type="stmt"/>
        <line num="136" count="6" type="cond" truecount="2" falsecount="0"/>
        <line num="137" count="2" type="cond" truecount="2" falsecount="0"/>
        <line num="138" count="1" type="stmt"/>
        <line num="140" count="1" type="stmt"/>
        <line num="143" count="4" type="stmt"/>
        <line num="145" count="10" type="stmt"/>
        <line num="146" count="10" type="stmt"/>
        <line num="147" count="56" type="stmt"/>
        <line num="148" count="56" type="stmt"/>
        <line num="149" count="206" type="stmt"/>
        <line num="150" count="206" type="stmt"/>
        <line num="151" count="206" type="cond" truecount="5" falsecount="0"/>
        <line num="152" count="40" type="stmt"/>
        <line num="153" count="40" type="stmt"/>
        <line num="155" count="166" type="stmt"/>
        <line num="156" count="166" type="stmt"/>
        <line num="157" count="166" type="stmt"/>
        <line num="158" count="166" type="stmt"/>
        <line num="166" count="166" type="cond" truecount="1" falsecount="0"/>
        <line num="167" count="14" type="stmt"/>
        <line num="168" count="14" type="cond" truecount="1" falsecount="0"/>
        <line num="169" count="7" type="stmt"/>
        <line num="171" count="7" type="stmt"/>
        <line num="172" count="7" type="stmt"/>
        <line num="173" count="7" type="stmt"/>
        <line num="175" count="7" type="stmt"/>
        <line num="178" count="56" type="stmt"/>
        <line num="179" count="56" type="stmt"/>
        <line num="184" count="10" type="stmt"/>
        <line num="185" count="10" type="stmt"/>
        <line num="186" count="10" type="stmt"/>
        <line num="190" count="5" type="cond" truecount="2" falsecount="1"/>
        <line num="191" count="0" type="stmt"/>
        <line num="194" count="5" type="cond" truecount="2" falsecount="0"/>
        <line num="195" count="5" type="stmt"/>
        <line num="197" count="5" type="stmt"/>
        <line num="198" count="40" type="stmt"/>
        <line num="199" count="40" type="stmt"/>
        <line num="200" count="40" type="cond" truecount="1" falsecount="0"/>
        <line num="207" count="28" type="stmt"/>
        <line num="209" count="12" type="stmt"/>
        <line num="211" count="5" type="stmt"/>
        <line num="212" count="40" type="stmt"/>
        <line num="214" count="5" type="cond" truecount="1" falsecount="0"/>
        <line num="216" count="4" type="cond" truecount="1" falsecount="1"/>
        <line num="217" count="4" type="stmt"/>
        <line num="218" count="4" type="stmt"/>
        <line num="219" count="20" type="cond" truecount="1" falsecount="1"/>
        <line num="221" count="4" type="stmt"/>
        <line num="223" count="5" type="stmt"/>
        <line num="226" count="1" type="stmt"/>
      </file>
      <file name="validMoves.ts" path="C:\Users\George\Desktop\PracticeProjects\chess\client\src\gameLogic\validMoves.ts">
        <metrics statements="317" coveredstatements="204" conditionals="150" coveredconditionals="88" methods="12" coveredmethods="10"/>
        <line num="2" count="1" type="stmt"/>
        <line num="3" count="1" type="stmt"/>
        <line num="4" count="1" type="stmt"/>
        <line num="5" count="1" type="stmt"/>
        <line num="6" count="1" type="stmt"/>
        <line num="7" count="1" type="stmt"/>
        <line num="11" count="14" type="stmt"/>
        <line num="12" count="14" type="stmt"/>
        <line num="13" count="14" type="stmt"/>
        <line num="14" count="14" type="stmt"/>
        <line num="17" count="14" type="stmt"/>
        <line num="18" count="14" type="cond" truecount="2" falsecount="0"/>
        <line num="19" count="14" type="cond" truecount="2" falsecount="0"/>
        <line num="20" count="14" type="stmt"/>
        <line num="21" count="14" type="cond" truecount="1" falsecount="1"/>
        <line num="22" count="14" type="stmt"/>
        <line num="23" count="14" type="stmt"/>
        <line num="24" count="14" type="stmt"/>
        <line num="27" count="14" type="cond" truecount="0" falsecount="1"/>
        <line num="28" count="0" type="stmt"/>
        <line num="29" count="0" type="stmt"/>
        <line num="32" count="14" type="stmt"/>
        <line num="33" count="14" type="cond" truecount="4" falsecount="1"/>
        <line num="34" count="2" type="cond" truecount="1" falsecount="1"/>
        <line num="36" count="12" type="cond" truecount="1" falsecount="1"/>
        <line num="39" count="14" type="stmt"/>
        <line num="42" count="14" type="stmt"/>
        <line num="43" count="14" type="stmt"/>
        <line num="44" count="14" type="stmt"/>
        <line num="47" count="14" type="stmt"/>
        <line num="48" count="126" type="cond" truecount="4" falsecount="0"/>
        <line num="49" count="48" type="cond" truecount="4" falsecount="1"/>
        <line num="50" count="48" type="stmt"/>
        <line num="51" count="48" type="stmt"/>
        <line num="53" count="0" type="stmt"/>
        <line num="54" count="0" type="stmt"/>
        <line num="57" count="126" type="stmt"/>
        <line num="58" count="306" type="stmt"/>
        <line num="59" count="306" type="stmt"/>
        <line num="60" count="306" type="cond" truecount="1" falsecount="0"/>
        <line num="61" count="306" type="stmt"/>
        <line num="62" count="306" type="stmt"/>
        <line num="63" count="306" type="stmt"/>
        <line num="64" count="306" type="cond" truecount="1" falsecount="0"/>
        <line num="66" count="8" type="stmt"/>
        <line num="68" count="298" type="cond" truecount="1" falsecount="0"/>
        <line num="70" count="9" type="stmt"/>
        <line num="71" count="9" type="stmt"/>
        <line num="77" count="0" type="stmt"/>
        <line num="78" count="0" type="stmt"/>
        <line num="80" count="0" type="cond" truecount="0" falsecount="2"/>
        <line num="81" count="0" type="stmt"/>
        <line num="83" count="0" type="stmt"/>
        <line num="85" count="0" type="stmt"/>
        <line num="86" count="0" type="stmt"/>
        <line num="87" count="0" type="cond" truecount="0" falsecount="4"/>
        <line num="88" count="0" type="stmt"/>
        <line num="89" count="0" type="stmt"/>
        <line num="91" count="0" type="stmt"/>
        <line num="94" count="0" type="stmt"/>
        <line num="95" count="0" type="stmt"/>
        <line num="97" count="14" type="stmt"/>
        <line num="98" count="14" type="stmt"/>
        <line num="100" count="14" type="stmt"/>
        <line num="101" count="24" type="cond" truecount="2" falsecount="1"/>
        <line num="102" count="0" type="stmt"/>
        <line num="103" count="0" type="stmt"/>
        <line num="106" count="24" type="stmt"/>
        <line num="109" count="0" type="stmt"/>
        <line num="110" count="0" type="stmt"/>
        <line num="111" count="0" type="stmt"/>
        <line num="112" count="0" type="cond" truecount="0" falsecount="4"/>
        <line num="115" count="0" type="stmt"/>
        <line num="119" count="0" type="stmt"/>
        <line num="121" count="24" type="stmt"/>
        <line num="122" count="24" type="cond" truecount="3" falsecount="0"/>
        <line num="123" count="2" type="stmt"/>
        <line num="126" count="2" type="cond" truecount="5" falsecount="0"/>
        <line num="129" count="2" type="stmt"/>
        <line num="130" count="2" type="stmt"/>
        <line num="134" count="0" type="cond" truecount="0" falsecount="1"/>
        <line num="135" count="0" type="stmt"/>
        <line num="136" count="0" type="stmt"/>
        <line num="137" count="0" type="stmt"/>
        <line num="141" count="0" type="cond" truecount="0" falsecount="1"/>
        <line num="142" count="0" type="stmt"/>
        <line num="143" count="0" type="stmt"/>
        <line num="144" count="0" type="stmt"/>
        <line num="147" count="0" type="stmt"/>
        <line num="148" count="0" type="stmt"/>
        <line num="149" count="0" type="cond" truecount="0" falsecount="2"/>
        <line num="152" count="0" type="cond" truecount="0" falsecount="2"/>
        <line num="153" count="0" type="stmt"/>
        <line num="155" count="0" type="cond" truecount="0" falsecount="2"/>
        <line num="158" count="0" type="stmt"/>
        <line num="159" count="0" type="cond" truecount="0" falsecount="3"/>
        <line num="160" count="0" type="stmt"/>
        <line num="161" count="0" type="stmt"/>
        <line num="162" count="0" type="stmt"/>
        <line num="166" count="0" type="cond" truecount="0" falsecount="1"/>
        <line num="167" count="0" type="stmt"/>
        <line num="168" count="0" type="stmt"/>
        <line num="169" count="0" type="stmt"/>
        <line num="173" count="0" type="stmt"/>
        <line num="174" count="0" type="stmt"/>
        <line num="176" count="0" type="cond" truecount="0" falsecount="2"/>
        <line num="177" count="0" type="cond" truecount="0" falsecount="1"/>
        <line num="178" count="0" type="stmt"/>
        <line num="179" count="0" type="stmt"/>
        <line num="180" count="0" type="stmt"/>
        <line num="185" count="0" type="cond" truecount="0" falsecount="2"/>
        <line num="187" count="0" type="cond" truecount="0" falsecount="1"/>
        <line num="189" count="0" type="stmt"/>
        <line num="192" count="0" type="stmt"/>
        <line num="193" count="0" type="cond" truecount="0" falsecount="1"/>
        <line num="194" count="0" type="stmt"/>
        <line num="195" count="0" type="stmt"/>
        <line num="196" count="0" type="stmt"/>
        <line num="201" count="0" type="stmt"/>
        <line num="202" count="0" type="stmt"/>
        <line num="205" count="0" type="stmt"/>
        <line num="206" count="0" type="stmt"/>
        <line num="210" count="24" type="stmt"/>
        <line num="211" count="24" type="stmt"/>
        <line num="212" count="24" type="stmt"/>
        <line num="214" count="24" type="stmt"/>
        <line num="215" count="24" type="cond" truecount="7" falsecount="3"/>
        <line num="224" count="23" type="stmt"/>
        <line num="229" count="23" type="stmt"/>
        <line num="233" count="23" type="cond" truecount="1" falsecount="0"/>
        <line num="235" count="2" type="stmt"/>
        <line num="236" count="2" type="stmt"/>
        <line num="237" count="2" type="stmt"/>
        <line num="238" count="4" type="stmt"/>
        <line num="241" count="23" type="stmt"/>
        <line num="244" count="23" type="stmt"/>
        <line num="254" count="23" type="cond" truecount="1" falsecount="0"/>
        <line num="255" count="23" type="stmt"/>
        <line num="256" count="23" type="stmt"/>
        <line num="257" count="23" type="stmt"/>
        <line num="267" count="14" type="cond" truecount="2" falsecount="0"/>
        <line num="268" count="14" type="cond" truecount="2" falsecount="0"/>
        <line num="269" count="14" type="stmt"/>
        <line num="270" count="14" type="stmt"/>
        <line num="274" count="14" type="stmt"/>
        <line num="275" count="14" type="stmt"/>
        <line num="277" count="2" type="stmt"/>
        <line num="280" count="2" type="stmt"/>
        <line num="282" count="2" type="stmt"/>
        <line num="285" count="2" type="stmt"/>
        <line num="286" count="2" type="stmt"/>
        <line num="289" count="2" type="stmt"/>
        <line num="290" count="9" type="stmt"/>
        <line num="293" count="9" type="stmt"/>
        <line num="294" count="9" type="stmt"/>
        <line num="296" count="9" type="cond" truecount="1" falsecount="0"/>
        <line num="298" count="9" type="stmt"/>
        <line num="299" count="9" type="stmt"/>
        <line num="300" count="9" type="stmt"/>
        <line num="301" count="9" type="stmt"/>
        <line num="302" count="9" type="stmt"/>
        <line num="306" count="9" type="cond" truecount="1" falsecount="1"/>
        <line num="308" count="9" type="stmt"/>
        <line num="310" count="0" type="stmt"/>
        <line num="313" count="9" type="stmt"/>
        <line num="314" count="9" type="stmt"/>
        <line num="315" count="9" type="cond" truecount="1" falsecount="0"/>
        <line num="316" count="1" type="stmt"/>
        <line num="317" count="1" type="stmt"/>
        <line num="324" count="1" type="stmt"/>
        <line num="325" count="1" type="stmt"/>
        <line num="327" count="14" type="cond" truecount="1" falsecount="0"/>
        <line num="328" count="2" type="stmt"/>
        <line num="329" count="2" type="stmt"/>
        <line num="330" count="2" type="cond" truecount="1" falsecount="1"/>
        <line num="331" count="2" type="stmt"/>
        <line num="332" count="2" type="stmt"/>
        <line num="367" count="14" type="stmt"/>
        <line num="368" count="14" type="stmt"/>
        <line num="369" count="14" type="cond" truecount="1" falsecount="0"/>
        <line num="370" count="14" type="stmt"/>
        <line num="371" count="14" type="stmt"/>
        <line num="374" count="14" type="cond" truecount="3" falsecount="0"/>
        <line num="375" count="1" type="stmt"/>
        <line num="376" count="1" type="cond" truecount="0" falsecount="1"/>
        <line num="377" count="0" type="stmt"/>
        <line num="378" count="0" type="stmt"/>
        <line num="379" count="0" type="stmt"/>
        <line num="380" count="0" type="stmt"/>
        <line num="382" count="1" type="cond" truecount="0" falsecount="1"/>
        <line num="383" count="0" type="stmt"/>
        <line num="384" count="0" type="stmt"/>
        <line num="385" count="0" type="stmt"/>
        <line num="388" count="1" type="stmt"/>
        <line num="389" count="1" type="stmt"/>
        <line num="393" count="14" type="cond" truecount="3" falsecount="0"/>
        <line num="394" count="2" type="stmt"/>
        <line num="396" count="2" type="stmt"/>
        <line num="398" count="2" type="cond" truecount="5" falsecount="4"/>
        <line num="399" count="0" type="stmt"/>
        <line num="401" count="0" type="cond" truecount="0" falsecount="2"/>
        <line num="405" count="0" type="cond" truecount="0" falsecount="2"/>
        <line num="406" count="0" type="stmt"/>
        <line num="407" count="0" type="stmt"/>
        <line num="408" count="0" type="stmt"/>
        <line num="409" count="0" type="stmt"/>
        <line num="411" count="0" type="stmt"/>
        <line num="414" count="2" type="stmt"/>
        <line num="420" count="9" type="stmt"/>
        <line num="421" count="9" type="cond" truecount="1" falsecount="0"/>
        <line num="422" count="9" type="stmt"/>
        <line num="423" count="9" type="stmt"/>
        <line num="428" count="9" type="stmt"/>
        <line num="429" count="9" type="stmt"/>
        <line num="430" count="9" type="stmt"/>
        <line num="431" count="9" type="stmt"/>
        <line num="432" count="9" type="stmt"/>
        <line num="433" count="9" type="stmt"/>
        <line num="434" count="9" type="cond" truecount="0" falsecount="1"/>
        <line num="435" count="0" type="stmt"/>
        <line num="436" count="0" type="stmt"/>
        <line num="438" count="9" type="cond" truecount="5" falsecount="0"/>
        <line num="439" count="9" type="stmt"/>
        <line num="440" count="9" type="cond" truecount="1" falsecount="0"/>
        <line num="441" count="9" type="stmt"/>
        <line num="442" count="9" type="stmt"/>
        <line num="443" count="9" type="stmt"/>
        <line num="444" count="9" type="stmt"/>
        <line num="448" count="9" type="cond" truecount="1" falsecount="1"/>
        <line num="449" count="9" type="stmt"/>
        <line num="454" count="9" type="cond" truecount="0" falsecount="1"/>
        <line num="455" count="0" type="stmt"/>
        <line num="457" count="9" type="stmt"/>
        <line num="458" count="9" type="stmt"/>
        <line num="459" count="9" type="stmt"/>
        <line num="460" count="9" type="stmt"/>
        <line num="461" count="9" type="stmt"/>
        <line num="462" count="25" type="stmt"/>
        <line num="463" count="25" type="stmt"/>
        <line num="465" count="25" type="stmt"/>
        <line num="467" count="25" type="stmt"/>
        <line num="468" count="25" type="stmt"/>
        <line num="470" count="25" type="stmt"/>
        <line num="472" count="25" type="cond" truecount="4" falsecount="0"/>
        <line num="473" count="25" type="stmt"/>
        <line num="475" count="25" type="stmt"/>
        <line num="476" count="50" type="cond" truecount="0" falsecount="1"/>
        <line num="477" count="0" type="stmt"/>
        <line num="478" count="0" type="stmt"/>
        <line num="479" count="0" type="stmt"/>
        <line num="483" count="25" type="cond" truecount="1" falsecount="0"/>
        <line num="484" count="25" type="stmt"/>
        <line num="485" count="25" type="stmt"/>
        <line num="486" count="25" type="stmt"/>
        <line num="491" count="25" type="cond" truecount="0" falsecount="1"/>
        <line num="492" count="0" type="stmt"/>
        <line num="493" count="0" type="stmt"/>
        <line num="494" count="0" type="stmt"/>
        <line num="498" count="9" type="cond" truecount="0" falsecount="1"/>
        <line num="499" count="0" type="stmt"/>
        <line num="500" count="0" type="cond" truecount="0" falsecount="1"/>
        <line num="501" count="0" type="stmt"/>
        <line num="504" count="9" type="cond" truecount="2" falsecount="0"/>
        <line num="505" count="25" type="stmt"/>
        <line num="506" count="25" type="stmt"/>
        <line num="507" count="25" type="cond" truecount="2" falsecount="0"/>
        <line num="509" count="9" type="stmt"/>
        <line num="510" count="9" type="cond" truecount="1" falsecount="2"/>
        <line num="511" count="0" type="stmt"/>
        <line num="512" count="0" type="stmt"/>
        <line num="513" count="0" type="stmt"/>
        <line num="514" count="0" type="stmt"/>
        <line num="515" count="0" type="stmt"/>
        <line num="516" count="0" type="stmt"/>
        <line num="517" count="0" type="stmt"/>
        <line num="519" count="0" type="stmt"/>
        <line num="521" count="0" type="stmt"/>
        <line num="522" count="0" type="stmt"/>
        <line num="523" count="0" type="cond" truecount="0" falsecount="2"/>
        <line num="524" count="0" type="stmt"/>
        <line num="526" count="0" type="stmt"/>
        <line num="527" count="0" type="stmt"/>
        <line num="530" count="0" type="stmt"/>
        <line num="532" count="0" type="stmt"/>
        <line num="533" count="0" type="stmt"/>
        <line num="535" count="0" type="stmt"/>
        <line num="537" count="9" type="stmt"/>
        <line num="540" count="9" type="stmt"/>
        <line num="543" count="14" type="stmt"/>
        <line num="545" count="14" type="stmt"/>
        <line num="547" count="14" type="stmt"/>
        <line num="548" count="18" type="stmt"/>
        <line num="549" count="18" type="stmt"/>
        <line num="551" count="18" type="stmt"/>
        <line num="553" count="18" type="stmt"/>
        <line num="554" count="94" type="stmt"/>
        <line num="556" count="94" type="stmt"/>
        <line num="558" count="94" type="cond" truecount="4" falsecount="0"/>
        <line num="559" count="94" type="stmt"/>
        <line num="561" count="94" type="stmt"/>
        <line num="562" count="121" type="cond" truecount="1" falsecount="0"/>
        <line num="563" count="80" type="stmt"/>
        <line num="564" count="80" type="stmt"/>
        <line num="565" count="80" type="stmt"/>
        <line num="569" count="94" type="cond" truecount="1" falsecount="0"/>
        <line num="570" count="14" type="stmt"/>
        <line num="571" count="14" type="stmt"/>
        <line num="572" count="14" type="stmt"/>
        <line num="577" count="18" type="cond" truecount="1" falsecount="0"/>
        <line num="578" count="4" type="stmt"/>
        <line num="579" count="4" type="stmt"/>
        <line num="580" count="4" type="stmt"/>
        <line num="584" count="14" type="cond" truecount="1" falsecount="0"/>
        <line num="585" count="4" type="stmt"/>
        <line num="586" count="4" type="stmt"/>
        <line num="589" count="14" type="stmt"/>
        <line num="609" count="1" type="stmt"/>
      </file>
    </package>
    <package name="testUtils">
      <metrics statements="79" coveredstatements="79" conditionals="11" coveredconditionals="11" methods="7" coveredmethods="7"/>
      <file name="testBoards.ts" path="C:\Users\George\Desktop\PracticeProjects\chess\client\src\testUtils\testBoards.ts">
        <metrics statements="79" coveredstatements="79" conditionals="11" coveredconditionals="11" methods="7" coveredmethods="7"/>
        <line num="4" count="1" type="stmt"/>
        <line num="5" count="1088" type="stmt"/>
        <line num="9" count="1" type="stmt"/>
        <line num="10" count="71" type="stmt"/>
        <line num="20" count="1" type="stmt"/>
        <line num="21" count="52" type="stmt"/>
        <line num="22" count="52" type="stmt"/>
        <line num="25" count="52" type="stmt"/>
        <line num="35" count="52" type="stmt"/>
        <line num="36" count="416" type="stmt"/>
        <line num="37" count="416" type="stmt"/>
        <line num="38" count="1456" type="stmt"/>
        <line num="39" count="1456" type="stmt"/>
        <line num="40" count="1456" type="cond" truecount="5" falsecount="0"/>
        <line num="41" count="364" type="stmt"/>
        <line num="43" count="1092" type="stmt"/>
        <line num="45" count="416" type="stmt"/>
        <line num="49" count="52" type="stmt"/>
        <line num="55" count="52" type="stmt"/>
        <line num="56" count="416" type="stmt"/>
        <line num="57" count="416" type="stmt"/>
        <line num="58" count="416" type="cond" truecount="6" falsecount="0"/>
        <line num="60" count="208" type="stmt"/>
        <line num="62" count="208" type="stmt"/>
        <line num="66" count="52" type="stmt"/>
        <line num="70" count="1" type="stmt"/>
        <line num="71" count="17" type="stmt"/>
        <line num="72" count="17" type="stmt"/>
        <line num="73" count="17" type="stmt"/>
        <line num="74" count="136" type="stmt"/>
        <line num="75" count="136" type="stmt"/>
        <line num="76" count="1088" type="stmt"/>
        <line num="78" count="136" type="stmt"/>
        <line num="80" count="17" type="stmt"/>
        <line num="92" count="1" type="stmt"/>
        <line num="93" count="1" type="stmt"/>
        <line num="94" count="1" type="stmt"/>
        <line num="97" count="1" type="stmt"/>
        <line num="98" count="1" type="stmt"/>
        <line num="102" count="1" type="stmt"/>
        <line num="103" count="1" type="stmt"/>
        <line num="104" count="1" type="stmt"/>
        <line num="105" count="1" type="stmt"/>
        <line num="106" count="1" type="stmt"/>
        <line num="107" count="1" type="stmt"/>
        <line num="110" count="1" type="stmt"/>
        <line num="111" count="1" type="stmt"/>
        <line num="114" count="1" type="stmt"/>
        <line num="115" count="1" type="stmt"/>
        <line num="118" count="1" type="stmt"/>
        <line num="124" count="1" type="stmt"/>
        <line num="161" count="1" type="stmt"/>
        <line num="196" count="1" type="stmt"/>
        <line num="202" count="1" type="stmt"/>
        <line num="209" count="1" type="stmt"/>
        <line num="210" count="1" type="stmt"/>
        <line num="212" count="1" type="stmt"/>
        <line num="230" count="1" type="stmt"/>
        <line num="231" count="1" type="stmt"/>
        <line num="232" count="1" type="stmt"/>
        <line num="235" count="1" type="stmt"/>
        <line num="236" count="1" type="stmt"/>
        <line num="237" count="1" type="stmt"/>
        <line num="238" count="1" type="stmt"/>
        <line num="241" count="1" type="stmt"/>
        <line num="242" count="1" type="stmt"/>
        <line num="245" count="1" type="stmt"/>
        <line num="250" count="1" type="stmt"/>
        <line num="269" count="1" type="stmt"/>
        <line num="270" count="1" type="stmt"/>
        <line num="271" count="1" type="stmt"/>
        <line num="273" count="1" type="stmt"/>
        <line num="274" count="1" type="stmt"/>
        <line num="275" count="1" type="stmt"/>
        <line num="276" count="1" type="stmt"/>
        <line num="278" count="1" type="stmt"/>
        <line num="279" count="1" type="stmt"/>
        <line num="281" count="1" type="stmt"/>
        <line num="286" count="1" type="stmt"/>
      </file>
    </package>
  </project>
</coverage>
