{"C:\\Users\\George\\Desktop\\PracticeProjects\\chess\\client\\src\\gameLogic\\calculateThreateningSquares.ts": {"path":"C:\\Users\\George\\Desktop\\PracticeProjects\\chess\\client\\src\\gameLogic\\calculateThreateningSquares.ts","statementMap":{"0":{"start":{"line":3,"column":0},"end":{"line":3,"column":16}},"1":{"start":{"line":10,"column":2},"end":{"line":14,"column":3}},"2":{"start":{"line":11,"column":4},"end":{"line":11,"column":32}},"3":{"start":{"line":13,"column":4},"end":{"line":13,"column":58}},"4":{"start":{"line":15,"column":2},"end":{"line":15,"column":103}},"5":{"start":{"line":17,"column":21},"end":{"line":23,"column":4}},"6":{"start":{"line":25,"column":2},"end":{"line":28,"column":3}},"7":{"start":{"line":26,"column":4},"end":{"line":26,"column":51}},"8":{"start":{"line":27,"column":4},"end":{"line":27,"column":22}},"9":{"start":{"line":30,"column":18},"end":{"line":57,"column":4}},"10":{"start":{"line":31,"column":4},"end":{"line":31,"column":51}},"11":{"start":{"line":34,"column":4},"end":{"line":42,"column":5}},"12":{"start":{"line":35,"column":16},"end":{"line":35,"column":37}},"13":{"start":{"line":36,"column":16},"end":{"line":36,"column":37}},"14":{"start":{"line":37,"column":6},"end":{"line":37,"column":46}},"15":{"start":{"line":38,"column":6},"end":{"line":40,"column":7}},"16":{"start":{"line":39,"column":8},"end":{"line":39,"column":24}},"17":{"start":{"line":41,"column":6},"end":{"line":41,"column":16}},"18":{"start":{"line":45,"column":34},"end":{"line":45,"column":36}},"19":{"start":{"line":46,"column":4},"end":{"line":55,"column":5}},"20":{"start":{"line":46,"column":17},"end":{"line":46,"column":18}},"21":{"start":{"line":47,"column":16},"end":{"line":47,"column":47}},"22":{"start":{"line":48,"column":16},"end":{"line":48,"column":47}},"23":{"start":{"line":49,"column":6},"end":{"line":49,"column":46}},"24":{"start":{"line":50,"column":6},"end":{"line":54,"column":7}},"25":{"start":{"line":51,"column":8},"end":{"line":51,"column":31}},"26":{"start":{"line":53,"column":8},"end":{"line":53,"column":14}},"27":{"start":{"line":56,"column":4},"end":{"line":56,"column":21}},"28":{"start":{"line":59,"column":2},"end":{"line":59,"column":49}},"29":{"start":{"line":60,"column":2},"end":{"line":60,"column":17}},"30":{"start":{"line":63,"column":0},"end":{"line":63,"column":43}}},"fnMap":{"0":{"name":"calculateThreateningSquares","decl":{"start":{"line":3,"column":16},"end":{"line":3,"column":43}},"loc":{"start":{"line":7,"column":24},"end":{"line":61,"column":1}}},"1":{"name":"(anonymous_1)","decl":{"start":{"line":30,"column":33},"end":{"line":30,"column":34}},"loc":{"start":{"line":30,"column":46},"end":{"line":57,"column":3}}}},"branchMap":{"0":{"loc":{"start":{"line":10,"column":2},"end":{"line":14,"column":3}},"type":"if","locations":[{"start":{"line":10,"column":2},"end":{"line":14,"column":3}},{"start":{"line":12,"column":9},"end":{"line":14,"column":3}}]},"1":{"loc":{"start":{"line":25,"column":2},"end":{"line":28,"column":3}},"type":"if","locations":[{"start":{"line":25,"column":2},"end":{"line":28,"column":3}}]},"2":{"loc":{"start":{"line":34,"column":4},"end":{"line":42,"column":5}},"type":"if","locations":[{"start":{"line":34,"column":4},"end":{"line":42,"column":5}}]},"3":{"loc":{"start":{"line":34,"column":8},"end":{"line":34,"column":96}},"type":"binary-expr","locations":[{"start":{"line":34,"column":9},"end":{"line":34,"column":27}},{"start":{"line":34,"column":31},"end":{"line":34,"column":49}},{"start":{"line":34,"column":55},"end":{"line":34,"column":73}},{"start":{"line":34,"column":77},"end":{"line":34,"column":95}}]},"4":{"loc":{"start":{"line":38,"column":6},"end":{"line":40,"column":7}},"type":"if","locations":[{"start":{"line":38,"column":6},"end":{"line":40,"column":7}}]},"5":{"loc":{"start":{"line":38,"column":10},"end":{"line":38,"column":44}},"type":"binary-expr","locations":[{"start":{"line":38,"column":10},"end":{"line":38,"column":16}},{"start":{"line":38,"column":20},"end":{"line":38,"column":25}},{"start":{"line":38,"column":29},"end":{"line":38,"column":35}},{"start":{"line":38,"column":39},"end":{"line":38,"column":44}}]},"6":{"loc":{"start":{"line":50,"column":6},"end":{"line":54,"column":7}},"type":"if","locations":[{"start":{"line":50,"column":6},"end":{"line":54,"column":7}},{"start":{"line":52,"column":13},"end":{"line":54,"column":7}}]},"7":{"loc":{"start":{"line":50,"column":10},"end":{"line":50,"column":44}},"type":"binary-expr","locations":[{"start":{"line":50,"column":10},"end":{"line":50,"column":16}},{"start":{"line":50,"column":20},"end":{"line":50,"column":25}},{"start":{"line":50,"column":29},"end":{"line":50,"column":35}},{"start":{"line":50,"column":39},"end":{"line":50,"column":44}}]}},"s":{"0":1,"1":58,"2":58,"3":0,"4":58,"5":58,"6":58,"7":0,"8":0,"9":58,"10":928,"11":928,"12":464,"13":464,"14":464,"15":464,"16":270,"17":194,"18":464,"19":464,"20":464,"21":1681,"22":1681,"23":1681,"24":1681,"25":1256,"26":425,"27":464,"28":58,"29":58,"30":1},"f":{"0":58,"1":928},"b":{"0":[58,0],"1":[0],"2":[464],"3":[928,232,696,580],"4":[270],"5":[464,326,270,270],"6":[1256,425],"7":[1681,1549,1488,1372]}}
,"C:\\Users\\George\\Desktop\\PracticeProjects\\chess\\client\\src\\gameLogic\\enPassant.ts": {"path":"C:\\Users\\George\\Desktop\\PracticeProjects\\chess\\client\\src\\gameLogic\\enPassant.ts","statementMap":{"0":{"start":{"line":4,"column":4},"end":{"line":4,"column":100}},"1":{"start":{"line":7,"column":4},"end":{"line":10,"column":5}},"2":{"start":{"line":8,"column":8},"end":{"line":8,"column":59}},"3":{"start":{"line":9,"column":8},"end":{"line":9,"column":20}},"4":{"start":{"line":12,"column":23},"end":{"line":12,"column":35}},"5":{"start":{"line":13,"column":26},"end":{"line":13,"column":69}},"6":{"start":{"line":14,"column":39},"end":{"line":14,"column":71}},"7":{"start":{"line":19,"column":8},"end":{"line":26,"column":77}},"8":{"start":{"line":28,"column":4},"end":{"line":29,"column":75}},"9":{"start":{"line":32,"column":22},"end":{"line":32,"column":27}},"10":{"start":{"line":33,"column":4},"end":{"line":42,"column":5}},"11":{"start":{"line":34,"column":25},"end":{"line":34,"column":72}},"12":{"start":{"line":35,"column":8},"end":{"line":41,"column":9}},"13":{"start":{"line":40,"column":12},"end":{"line":40,"column":31}},"14":{"start":{"line":44,"column":4},"end":{"line":44,"column":67}},"15":{"start":{"line":47,"column":4},"end":{"line":58,"column":5}},"16":{"start":{"line":48,"column":27},"end":{"line":55,"column":10}},"17":{"start":{"line":56,"column":8},"end":{"line":56,"column":46}},"18":{"start":{"line":57,"column":8},"end":{"line":57,"column":23}},"19":{"start":{"line":61,"column":4},"end":{"line":61,"column":16}},"20":{"start":{"line":64,"column":0},"end":{"line":64,"column":25}}},"fnMap":{"0":{"name":"enPassant","decl":{"start":{"line":3,"column":9},"end":{"line":3,"column":18}},"loc":{"start":{"line":3,"column":85},"end":{"line":62,"column":1}}}},"branchMap":{"0":{"loc":{"start":{"line":7,"column":4},"end":{"line":10,"column":5}},"type":"if","locations":[{"start":{"line":7,"column":4},"end":{"line":10,"column":5}}]},"1":{"loc":{"start":{"line":13,"column":26},"end":{"line":13,"column":69}},"type":"cond-expr","locations":[{"start":{"line":13,"column":52},"end":{"line":13,"column":59}},{"start":{"line":13,"column":62},"end":{"line":13,"column":69}}]},"2":{"loc":{"start":{"line":14,"column":39},"end":{"line":14,"column":71}},"type":"cond-expr","locations":[{"start":{"line":14,"column":65},"end":{"line":14,"column":67}},{"start":{"line":14,"column":70},"end":{"line":14,"column":71}}]},"3":{"loc":{"start":{"line":19,"column":8},"end":{"line":26,"column":77}},"type":"binary-expr","locations":[{"start":{"line":19,"column":8},"end":{"line":19,"column":21}},{"start":{"line":21,"column":8},"end":{"line":21,"column":52}},{"start":{"line":23,"column":8},"end":{"line":23,"column":72}},{"start":{"line":24,"column":8},"end":{"line":24,"column":80}},{"start":{"line":26,"column":8},"end":{"line":26,"column":77}}]},"4":{"loc":{"start":{"line":33,"column":4},"end":{"line":42,"column":5}},"type":"if","locations":[{"start":{"line":33,"column":4},"end":{"line":42,"column":5}}]},"5":{"loc":{"start":{"line":35,"column":8},"end":{"line":41,"column":9}},"type":"if","locations":[{"start":{"line":35,"column":8},"end":{"line":41,"column":9}}]},"6":{"loc":{"start":{"line":35,"column":12},"end":{"line":39,"column":62}},"type":"binary-expr","locations":[{"start":{"line":35,"column":12},"end":{"line":35,"column":43}},{"start":{"line":36,"column":12},"end":{"line":36,"column":51}},{"start":{"line":37,"column":12},"end":{"line":37,"column":56}},{"start":{"line":38,"column":12},"end":{"line":38,"column":34}},{"start":{"line":39,"column":12},"end":{"line":39,"column":62}}]},"7":{"loc":{"start":{"line":47,"column":4},"end":{"line":58,"column":5}},"type":"if","locations":[{"start":{"line":47,"column":4},"end":{"line":58,"column":5}}]},"8":{"loc":{"start":{"line":47,"column":8},"end":{"line":47,"column":41}},"type":"binary-expr","locations":[{"start":{"line":47,"column":8},"end":{"line":47,"column":26}},{"start":{"line":47,"column":30},"end":{"line":47,"column":41}}]}},"s":{"0":1,"1":1,"2":0,"3":0,"4":1,"5":1,"6":1,"7":1,"8":1,"9":1,"10":1,"11":0,"12":0,"13":0,"14":1,"15":1,"16":0,"17":0,"18":0,"19":1,"20":1},"f":{"0":1},"b":{"0":[0],"1":[1,0],"2":[1,0],"3":[1,1,1,1,0],"4":[0],"5":[0],"6":[0,0,0,0,0],"7":[0],"8":[1,0]}}
,"C:\\Users\\George\\Desktop\\PracticeProjects\\chess\\client\\src\\gameLogic\\isCheckOpponent.ts": {"path":"C:\\Users\\George\\Desktop\\PracticeProjects\\chess\\client\\src\\gameLogic\\isCheckOpponent.ts","statementMap":{"0":{"start":{"line":2,"column":0},"end":{"line":2,"column":72}},"1":{"start":{"line":21,"column":36},"end":{"line":26,"column":4}},"2":{"start":{"line":28,"column":25},"end":{"line":28,"column":110}},"3":{"start":{"line":28,"column":86},"end":{"line":28,"column":109}},"4":{"start":{"line":29,"column":2},"end":{"line":40,"column":3}},"5":{"start":{"line":30,"column":21},"end":{"line":30,"column":36}},"6":{"start":{"line":31,"column":4},"end":{"line":39,"column":5}},"7":{"start":{"line":32,"column":19},"end":{"line":32,"column":28}},"8":{"start":{"line":33,"column":19},"end":{"line":33,"column":28}},"9":{"start":{"line":34,"column":6},"end":{"line":38,"column":7}},"10":{"start":{"line":35,"column":8},"end":{"line":37,"column":9}},"11":{"start":{"line":36,"column":10},"end":{"line":36,"column":22}},"12":{"start":{"line":41,"column":2},"end":{"line":41,"column":15}},"13":{"start":{"line":45,"column":19},"end":{"line":45,"column":31}},"14":{"start":{"line":49,"column":31},"end":{"line":49,"column":99}},"15":{"start":{"line":51,"column":2},"end":{"line":63,"column":3}},"16":{"start":{"line":52,"column":14},"end":{"line":52,"column":22}},"17":{"start":{"line":53,"column":14},"end":{"line":53,"column":22}},"18":{"start":{"line":56,"column":4},"end":{"line":62,"column":5}},"19":{"start":{"line":57,"column":20},"end":{"line":57,"column":41}},"20":{"start":{"line":58,"column":6},"end":{"line":61,"column":7}},"21":{"start":{"line":59,"column":8},"end":{"line":59,"column":77}},"22":{"start":{"line":60,"column":8},"end":{"line":60,"column":20}},"23":{"start":{"line":65,"column":2},"end":{"line":65,"column":15}},"24":{"start":{"line":69,"column":2},"end":{"line":69,"column":null}},"25":{"start":{"line":70,"column":2},"end":{"line":70,"column":null}},"26":{"start":{"line":71,"column":2},"end":{"line":71,"column":null}},"27":{"start":{"line":72,"column":21},"end":{"line":72,"column":32}},"28":{"start":{"line":73,"column":20},"end":{"line":73,"column":30}},"29":{"start":{"line":74,"column":21},"end":{"line":74,"column":32}},"30":{"start":{"line":75,"column":28},"end":{"line":75,"column":40}},"31":{"start":{"line":76,"column":16},"end":{"line":76,"column":54}},"32":{"start":{"line":77,"column":24},"end":{"line":77,"column":61}},"33":{"start":{"line":82,"column":2},"end":{"line":82,"column":null}},"34":{"start":{"line":83,"column":2},"end":{"line":93,"column":3}},"35":{"start":{"line":84,"column":27},"end":{"line":84,"column":44}},"36":{"start":{"line":85,"column":4},"end":{"line":92,"column":6}},"37":{"start":{"line":94,"column":2},"end":{"line":96,"column":3}},"38":{"start":{"line":95,"column":4},"end":{"line":95,"column":73}},"39":{"start":{"line":99,"column":22},"end":{"line":99,"column":27}},"40":{"start":{"line":100,"column":33},"end":{"line":100,"column":71}},"41":{"start":{"line":105,"column":3},"end":{"line":108,"column":3}},"42":{"start":{"line":106,"column":4},"end":{"line":106,"column":69}},"43":{"start":{"line":107,"column":4},"end":{"line":107,"column":25}},"44":{"start":{"line":111,"column":2},"end":{"line":127,"column":3}},"45":{"start":{"line":112,"column":21},"end":{"line":112,"column":33}},"46":{"start":{"line":114,"column":4},"end":{"line":126,"column":5}},"47":{"start":{"line":117,"column":6},"end":{"line":117,"column":93}},"48":{"start":{"line":118,"column":6},"end":{"line":118,"column":27}},"49":{"start":{"line":121,"column":9},"end":{"line":126,"column":5}},"50":{"start":{"line":124,"column":6},"end":{"line":124,"column":93}},"51":{"start":{"line":125,"column":6},"end":{"line":125,"column":27}},"52":{"start":{"line":130,"column":2},"end":{"line":133,"column":3}},"53":{"start":{"line":131,"column":4},"end":{"line":131,"column":67}},"54":{"start":{"line":132,"column":4},"end":{"line":132,"column":25}},"55":{"start":{"line":135,"column":27},"end":{"line":135,"column":40}},"56":{"start":{"line":140,"column":4},"end":{"line":140,"column":44}},"57":{"start":{"line":141,"column":4},"end":{"line":141,"column":48}},"58":{"start":{"line":142,"column":4},"end":{"line":142,"column":55}},"59":{"start":{"line":143,"column":4},"end":{"line":144,"column":47}},"60":{"start":{"line":145,"column":4},"end":{"line":145,"column":null}},"61":{"start":{"line":146,"column":26},"end":{"line":146,"column":76}},"62":{"start":{"line":155,"column":32},"end":{"line":155,"column":90}},"63":{"start":{"line":156,"column":4},"end":{"line":156,"column":64}},"64":{"start":{"line":157,"column":4},"end":{"line":157,"column":77}},"65":{"start":{"line":158,"column":53},"end":{"line":158,"column":71}},"66":{"start":{"line":160,"column":4},"end":{"line":160,"column":70}},"67":{"start":{"line":163,"column":4},"end":{"line":168,"column":5}},"68":{"start":{"line":164,"column":6},"end":{"line":164,"column":59}},"69":{"start":{"line":165,"column":6},"end":{"line":165,"column":106}},"70":{"start":{"line":166,"column":6},"end":{"line":166,"column":71}},"71":{"start":{"line":169,"column":4},"end":{"line":295,"column":3}},"72":{"start":{"line":170,"column":6},"end":{"line":170,"column":108}},"73":{"start":{"line":172,"column":6},"end":{"line":175,"column":7}},"74":{"start":{"line":173,"column":10},"end":{"line":173,"column":111}},"75":{"start":{"line":174,"column":10},"end":{"line":174,"column":19}},"76":{"start":{"line":177,"column":27},"end":{"line":177,"column":32}},"77":{"start":{"line":178,"column":6},"end":{"line":272,"column":7}},"78":{"start":{"line":179,"column":8},"end":{"line":196,"column":9}},"79":{"start":{"line":180,"column":25},"end":{"line":180,"column":31}},"80":{"start":{"line":181,"column":10},"end":{"line":181,"column":46}},"81":{"start":{"line":182,"column":10},"end":{"line":182,"column":null}},"82":{"start":{"line":183,"column":10},"end":{"line":183,"column":129}},"83":{"start":{"line":184,"column":10},"end":{"line":187,"column":11}},"84":{"start":{"line":185,"column":12},"end":{"line":185,"column":62}},"85":{"start":{"line":186,"column":12},"end":{"line":186,"column":21}},"86":{"start":{"line":188,"column":10},"end":{"line":191,"column":11}},"87":{"start":{"line":189,"column":12},"end":{"line":189,"column":72}},"88":{"start":{"line":190,"column":12},"end":{"line":190,"column":21}},"89":{"start":{"line":192,"column":10},"end":{"line":195,"column":11}},"90":{"start":{"line":193,"column":12},"end":{"line":193,"column":69}},"91":{"start":{"line":194,"column":12},"end":{"line":194,"column":21}},"92":{"start":{"line":198,"column":8},"end":{"line":198,"column":null}},"93":{"start":{"line":199,"column":8},"end":{"line":204,"column":9}},"94":{"start":{"line":200,"column":10},"end":{"line":200,"column":79}},"95":{"start":{"line":203,"column":10},"end":{"line":203,"column":16}},"96":{"start":{"line":210,"column":8},"end":{"line":226,"column":11}},"97":{"start":{"line":215,"column":12},"end":{"line":215,"column":105}},"98":{"start":{"line":216,"column":12},"end":{"line":216,"column":34}},"99":{"start":{"line":218,"column":17},"end":{"line":226,"column":11}},"100":{"start":{"line":219,"column":12},"end":{"line":219,"column":100}},"101":{"start":{"line":220,"column":12},"end":{"line":220,"column":34}},"102":{"start":{"line":221,"column":12},"end":{"line":221,"column":33}},"103":{"start":{"line":222,"column":12},"end":{"line":222,"column":61}},"104":{"start":{"line":223,"column":12},"end":{"line":223,"column":null}},"105":{"start":{"line":224,"column":12},"end":{"line":224,"column":null}},"106":{"start":{"line":225,"column":12},"end":{"line":225,"column":25}},"107":{"start":{"line":228,"column":10},"end":{"line":233,"column":11}},"108":{"start":{"line":229,"column":14},"end":{"line":229,"column":93}},"109":{"start":{"line":230,"column":14},"end":{"line":230,"column":63}},"110":{"start":{"line":231,"column":14},"end":{"line":231,"column":null}},"111":{"start":{"line":232,"column":14},"end":{"line":232,"column":23}},"112":{"start":{"line":235,"column":38},"end":{"line":254,"column":10}},"113":{"start":{"line":236,"column":12},"end":{"line":236,"column":70}},"114":{"start":{"line":242,"column":12},"end":{"line":242,"column":58}},"115":{"start":{"line":244,"column":12},"end":{"line":253,"column":13}},"116":{"start":{"line":245,"column":16},"end":{"line":245,"column":97}},"117":{"start":{"line":247,"column":16},"end":{"line":250,"column":18}},"118":{"start":{"line":252,"column":16},"end":{"line":252,"column":37}},"119":{"start":{"line":255,"column":10},"end":{"line":255,"column":90}},"120":{"start":{"line":256,"column":10},"end":{"line":268,"column":11}},"121":{"start":{"line":256,"column":33},"end":{"line":256,"column":34}},"122":{"start":{"line":257,"column":14},"end":{"line":264,"column":15}},"123":{"start":{"line":257,"column":36},"end":{"line":257,"column":37}},"124":{"start":{"line":258,"column":18},"end":{"line":263,"column":19}},"125":{"start":{"line":260,"column":22},"end":{"line":260,"column":177}},"126":{"start":{"line":261,"column":22},"end":{"line":261,"column":44}},"127":{"start":{"line":262,"column":22},"end":{"line":262,"column":28}},"128":{"start":{"line":265,"column":14},"end":{"line":267,"column":15}},"129":{"start":{"line":266,"column":18},"end":{"line":266,"column":24}},"130":{"start":{"line":269,"column":10},"end":{"line":271,"column":11}},"131":{"start":{"line":270,"column":14},"end":{"line":270,"column":20}},"132":{"start":{"line":273,"column":6},"end":{"line":275,"column":7}},"133":{"start":{"line":274,"column":8},"end":{"line":274,"column":14}},"134":{"start":{"line":277,"column":6},"end":{"line":294,"column":5}},"135":{"start":{"line":278,"column":8},"end":{"line":293,"column":9}},"136":{"start":{"line":279,"column":29},"end":{"line":279,"column":118}},"137":{"start":{"line":280,"column":10},"end":{"line":288,"column":11}},"138":{"start":{"line":281,"column":27},"end":{"line":281,"column":37}},"139":{"start":{"line":282,"column":26},"end":{"line":282,"column":47}},"140":{"start":{"line":283,"column":12},"end":{"line":287,"column":13}},"141":{"start":{"line":284,"column":14},"end":{"line":284,"column":115}},"142":{"start":{"line":285,"column":14},"end":{"line":285,"column":36}},"143":{"start":{"line":286,"column":14},"end":{"line":286,"column":26}},"144":{"start":{"line":290,"column":10},"end":{"line":290,"column":61}},"145":{"start":{"line":291,"column":10},"end":{"line":291,"column":32}},"146":{"start":{"line":292,"column":10},"end":{"line":292,"column":22}},"147":{"start":{"line":297,"column":2},"end":{"line":297,"column":14}},"148":{"start":{"line":301,"column":0},"end":{"line":301,"column":null}},"149":{"start":{"line":302,"column":0},"end":{"line":302,"column":95}},"150":{"start":{"line":305,"column":39},"end":{"line":305,"column":41}},"151":{"start":{"line":306,"column":55},"end":{"line":306,"column":57}},"152":{"start":{"line":307,"column":23},"end":{"line":307,"column":54}},"153":{"start":{"line":308,"column":35},"end":{"line":308,"column":86}},"154":{"start":{"line":309,"column":0},"end":{"line":309,"column":null}},"155":{"start":{"line":310,"column":0},"end":{"line":310,"column":null}},"156":{"start":{"line":311,"column":47},"end":{"line":311,"column":49}},"157":{"start":{"line":314,"column":0},"end":{"line":345,"column":1}},"158":{"start":{"line":315,"column":2},"end":{"line":344,"column":3}},"159":{"start":{"line":315,"column":15},"end":{"line":315,"column":16}},"160":{"start":{"line":316,"column":19},"end":{"line":316,"column":64}},"161":{"start":{"line":317,"column":4},"end":{"line":343,"column":5}},"162":{"start":{"line":318,"column":21},"end":{"line":318,"column":27}},"163":{"start":{"line":319,"column":20},"end":{"line":319,"column":41}},"164":{"start":{"line":320,"column":6},"end":{"line":320,"column":null}},"165":{"start":{"line":321,"column":6},"end":{"line":321,"column":null}},"166":{"start":{"line":323,"column":6},"end":{"line":331,"column":7}},"167":{"start":{"line":324,"column":29},"end":{"line":324,"column":41}},"168":{"start":{"line":325,"column":8},"end":{"line":325,"column":null}},"169":{"start":{"line":326,"column":8},"end":{"line":330,"column":9}},"170":{"start":{"line":327,"column":10},"end":{"line":327,"column":69}},"171":{"start":{"line":328,"column":10},"end":{"line":328,"column":19}},"172":{"start":{"line":332,"column":6},"end":{"line":332,"column":null}},"173":{"start":{"line":333,"column":6},"end":{"line":342,"column":7}},"174":{"start":{"line":334,"column":8},"end":{"line":334,"column":44}},"175":{"start":{"line":335,"column":8},"end":{"line":335,"column":56}},"176":{"start":{"line":336,"column":8},"end":{"line":336,"column":46}},"177":{"start":{"line":337,"column":8},"end":{"line":337,"column":null}},"178":{"start":{"line":338,"column":8},"end":{"line":338,"column":null}},"179":{"start":{"line":339,"column":8},"end":{"line":339,"column":87}},"180":{"start":{"line":340,"column":8},"end":{"line":340,"column":null}},"181":{"start":{"line":341,"column":8},"end":{"line":341,"column":14}},"182":{"start":{"line":346,"column":0},"end":{"line":346,"column":86}},"183":{"start":{"line":347,"column":0},"end":{"line":347,"column":56}},"184":{"start":{"line":348,"column":0},"end":{"line":370,"column":1}},"185":{"start":{"line":349,"column":2},"end":{"line":366,"column":1}},"186":{"start":{"line":350,"column":4},"end":{"line":365,"column":3}},"187":{"start":{"line":350,"column":17},"end":{"line":350,"column":18}},"188":{"start":{"line":351,"column":22},"end":{"line":351,"column":54}},"189":{"start":{"line":352,"column":6},"end":{"line":352,"column":null}},"190":{"start":{"line":353,"column":4},"end":{"line":360,"column":5}},"191":{"start":{"line":353,"column":17},"end":{"line":353,"column":18}},"192":{"start":{"line":354,"column":6},"end":{"line":354,"column":null}},"193":{"start":{"line":355,"column":6},"end":{"line":359,"column":7}},"194":{"start":{"line":356,"column":8},"end":{"line":356,"column":45}},"195":{"start":{"line":357,"column":8},"end":{"line":357,"column":51}},"196":{"start":{"line":358,"column":8},"end":{"line":358,"column":14}},"197":{"start":{"line":361,"column":4},"end":{"line":364,"column":5}},"198":{"start":{"line":362,"column":6},"end":{"line":362,"column":null}},"199":{"start":{"line":363,"column":6},"end":{"line":363,"column":12}},"200":{"start":{"line":369,"column":2},"end":{"line":369,"column":null}},"201":{"start":{"line":373,"column":0},"end":{"line":377,"column":1}},"202":{"start":{"line":375,"column":2},"end":{"line":375,"column":59}},"203":{"start":{"line":376,"column":2},"end":{"line":376,"column":null}},"204":{"start":{"line":383,"column":0},"end":{"line":383,"column":95}},"205":{"start":{"line":386,"column":35},"end":{"line":386,"column":40}},"206":{"start":{"line":389,"column":0},"end":{"line":389,"column":null}},"207":{"start":{"line":391,"column":2},"end":{"line":391,"column":null}},"208":{"start":{"line":392,"column":39},"end":{"line":392,"column":66}},"209":{"start":{"line":393,"column":2},"end":{"line":393,"column":55}},"210":{"start":{"line":394,"column":2},"end":{"line":394,"column":199}},"211":{"start":{"line":397,"column":0},"end":{"line":397,"column":31}}},"fnMap":{"0":{"name":"isKnightAttackingPosition","decl":{"start":{"line":16,"column":9},"end":{"line":16,"column":34}},"loc":{"start":{"line":19,"column":32},"end":{"line":42,"column":1}}},"1":{"name":"(anonymous_2)","decl":{"start":{"line":28,"column":77},"end":{"line":28,"column":82}},"loc":{"start":{"line":28,"column":86},"end":{"line":28,"column":109}}},"2":{"name":"isPawnAttackingKing","decl":{"start":{"line":44,"column":9},"end":{"line":44,"column":28}},"loc":{"start":{"line":44,"column":105},"end":{"line":66,"column":1}}},"3":{"name":"isCheckOpponent","decl":{"start":{"line":68,"column":9},"end":{"line":68,"column":24}},"loc":{"start":{"line":68,"column":320},"end":{"line":395,"column":1}}},"4":{"name":"canBlock","decl":{"start":{"line":138,"column":11},"end":{"line":138,"column":19}},"loc":{"start":{"line":139,"column":81},"end":{"line":298,"column":1}}},"5":{"name":"(anonymous_6)","decl":{"start":{"line":235,"column":101},"end":{"line":235,"column":102}},"loc":{"start":{"line":235,"column":119},"end":{"line":254,"column":9}}}},"branchMap":{"0":{"loc":{"start":{"line":34,"column":6},"end":{"line":38,"column":7}},"type":"if","locations":[{"start":{"line":34,"column":6},"end":{"line":38,"column":7}}]},"1":{"loc":{"start":{"line":34,"column":10},"end":{"line":34,"column":56}},"type":"binary-expr","locations":[{"start":{"line":34,"column":10},"end":{"line":34,"column":19}},{"start":{"line":34,"column":23},"end":{"line":34,"column":31}},{"start":{"line":34,"column":35},"end":{"line":34,"column":44}},{"start":{"line":34,"column":48},"end":{"line":34,"column":56}}]},"2":{"loc":{"start":{"line":35,"column":8},"end":{"line":37,"column":9}},"type":"if","locations":[{"start":{"line":35,"column":8},"end":{"line":37,"column":9}}]},"3":{"loc":{"start":{"line":35,"column":12},"end":{"line":35,"column":64}},"type":"binary-expr","locations":[{"start":{"line":35,"column":12},"end":{"line":35,"column":36}},{"start":{"line":35,"column":40},"end":{"line":35,"column":64}}]},"4":{"loc":{"start":{"line":49,"column":31},"end":{"line":49,"column":99}},"type":"cond-expr","locations":[{"start":{"line":49,"column":60},"end":{"line":49,"column":77}},{"start":{"line":49,"column":80},"end":{"line":49,"column":99}}]},"5":{"loc":{"start":{"line":56,"column":4},"end":{"line":62,"column":5}},"type":"if","locations":[{"start":{"line":56,"column":4},"end":{"line":62,"column":5}}]},"6":{"loc":{"start":{"line":56,"column":8},"end":{"line":56,"column":42}},"type":"binary-expr","locations":[{"start":{"line":56,"column":8},"end":{"line":56,"column":14}},{"start":{"line":56,"column":18},"end":{"line":56,"column":23}},{"start":{"line":56,"column":27},"end":{"line":56,"column":33}},{"start":{"line":56,"column":37},"end":{"line":56,"column":42}}]},"7":{"loc":{"start":{"line":58,"column":6},"end":{"line":61,"column":7}},"type":"if","locations":[{"start":{"line":58,"column":6},"end":{"line":61,"column":7}}]},"8":{"loc":{"start":{"line":58,"column":10},"end":{"line":58,"column":65}},"type":"binary-expr","locations":[{"start":{"line":58,"column":10},"end":{"line":58,"column":31}},{"start":{"line":58,"column":35},"end":{"line":58,"column":65}}]},"9":{"loc":{"start":{"line":76,"column":16},"end":{"line":76,"column":54}},"type":"cond-expr","locations":[{"start":{"line":76,"column":37},"end":{"line":76,"column":44}},{"start":{"line":76,"column":47},"end":{"line":76,"column":54}}]},"10":{"loc":{"start":{"line":77,"column":24},"end":{"line":77,"column":61}},"type":"cond-expr","locations":[{"start":{"line":77,"column":44},"end":{"line":77,"column":51}},{"start":{"line":77,"column":54},"end":{"line":77,"column":61}}]},"11":{"loc":{"start":{"line":83,"column":2},"end":{"line":93,"column":3}},"type":"if","locations":[{"start":{"line":83,"column":2},"end":{"line":93,"column":3}}]},"12":{"loc":{"start":{"line":94,"column":2},"end":{"line":96,"column":3}},"type":"if","locations":[{"start":{"line":94,"column":2},"end":{"line":96,"column":3}}]},"13":{"loc":{"start":{"line":94,"column":6},"end":{"line":94,"column":61}},"type":"binary-expr","locations":[{"start":{"line":94,"column":6},"end":{"line":94,"column":16}},{"start":{"line":94,"column":20},"end":{"line":94,"column":33}},{"start":{"line":94,"column":37},"end":{"line":94,"column":61}}]},"14":{"loc":{"start":{"line":105,"column":3},"end":{"line":108,"column":3}},"type":"if","locations":[{"start":{"line":105,"column":3},"end":{"line":108,"column":3}}]},"15":{"loc":{"start":{"line":111,"column":2},"end":{"line":127,"column":3}},"type":"if","locations":[{"start":{"line":111,"column":2},"end":{"line":127,"column":3}}]},"16":{"loc":{"start":{"line":111,"column":6},"end":{"line":111,"column":43}},"type":"binary-expr","locations":[{"start":{"line":111,"column":6},"end":{"line":111,"column":27}},{"start":{"line":111,"column":31},"end":{"line":111,"column":43}}]},"17":{"loc":{"start":{"line":114,"column":4},"end":{"line":126,"column":5}},"type":"if","locations":[{"start":{"line":114,"column":4},"end":{"line":126,"column":5}},{"start":{"line":121,"column":9},"end":{"line":126,"column":5}}]},"18":{"loc":{"start":{"line":114,"column":8},"end":{"line":116,"column":46}},"type":"binary-expr","locations":[{"start":{"line":114,"column":8},"end":{"line":114,"column":31}},{"start":{"line":115,"column":8},"end":{"line":115,"column":35}},{"start":{"line":116,"column":8},"end":{"line":116,"column":46}}]},"19":{"loc":{"start":{"line":121,"column":9},"end":{"line":126,"column":5}},"type":"if","locations":[{"start":{"line":121,"column":9},"end":{"line":126,"column":5}}]},"20":{"loc":{"start":{"line":121,"column":13},"end":{"line":123,"column":51}},"type":"binary-expr","locations":[{"start":{"line":121,"column":13},"end":{"line":121,"column":36}},{"start":{"line":122,"column":13},"end":{"line":122,"column":40}},{"start":{"line":123,"column":13},"end":{"line":123,"column":51}}]},"21":{"loc":{"start":{"line":130,"column":2},"end":{"line":133,"column":3}},"type":"if","locations":[{"start":{"line":130,"column":2},"end":{"line":133,"column":3}}]},"22":{"loc":{"start":{"line":130,"column":6},"end":{"line":130,"column":88}},"type":"binary-expr","locations":[{"start":{"line":130,"column":6},"end":{"line":130,"column":20}},{"start":{"line":130,"column":24},"end":{"line":130,"column":88}}]},"23":{"loc":{"start":{"line":146,"column":26},"end":{"line":146,"column":76}},"type":"cond-expr","locations":[{"start":{"line":146,"column":59},"end":{"line":146,"column":66}},{"start":{"line":146,"column":69},"end":{"line":146,"column":76}}]},"24":{"loc":{"start":{"line":163,"column":4},"end":{"line":168,"column":5}},"type":"if","locations":[{"start":{"line":163,"column":4},"end":{"line":168,"column":5}}]},"25":{"loc":{"start":{"line":163,"column":8},"end":{"line":163,"column":159}},"type":"binary-expr","locations":[{"start":{"line":163,"column":8},"end":{"line":163,"column":29}},{"start":{"line":163,"column":33},"end":{"line":163,"column":94}},{"start":{"line":163,"column":98},"end":{"line":163,"column":159}}]},"26":{"loc":{"start":{"line":172,"column":6},"end":{"line":175,"column":7}},"type":"if","locations":[{"start":{"line":172,"column":6},"end":{"line":175,"column":7}}]},"27":{"loc":{"start":{"line":179,"column":8},"end":{"line":196,"column":9}},"type":"if","locations":[{"start":{"line":179,"column":8},"end":{"line":196,"column":9}}]},"28":{"loc":{"start":{"line":184,"column":10},"end":{"line":187,"column":11}},"type":"if","locations":[{"start":{"line":184,"column":10},"end":{"line":187,"column":11}}]},"29":{"loc":{"start":{"line":184,"column":14},"end":{"line":184,"column":80}},"type":"binary-expr","locations":[{"start":{"line":184,"column":14},"end":{"line":184,"column":41}},{"start":{"line":184,"column":45},"end":{"line":184,"column":80}}]},"30":{"loc":{"start":{"line":188,"column":10},"end":{"line":191,"column":11}},"type":"if","locations":[{"start":{"line":188,"column":10},"end":{"line":191,"column":11}}]},"31":{"loc":{"start":{"line":188,"column":14},"end":{"line":188,"column":66}},"type":"binary-expr","locations":[{"start":{"line":188,"column":14},"end":{"line":188,"column":33}},{"start":{"line":188,"column":37},"end":{"line":188,"column":66}}]},"32":{"loc":{"start":{"line":192,"column":10},"end":{"line":195,"column":11}},"type":"if","locations":[{"start":{"line":192,"column":10},"end":{"line":195,"column":11}}]},"33":{"loc":{"start":{"line":192,"column":14},"end":{"line":192,"column":80}},"type":"binary-expr","locations":[{"start":{"line":192,"column":14},"end":{"line":192,"column":26}},{"start":{"line":192,"column":30},"end":{"line":192,"column":58}},{"start":{"line":192,"column":62},"end":{"line":192,"column":80}}]},"34":{"loc":{"start":{"line":199,"column":8},"end":{"line":204,"column":9}},"type":"if","locations":[{"start":{"line":199,"column":8},"end":{"line":204,"column":9}}]},"35":{"loc":{"start":{"line":210,"column":8},"end":{"line":226,"column":11}},"type":"if","locations":[{"start":{"line":210,"column":8},"end":{"line":226,"column":11}},{"start":{"line":218,"column":17},"end":{"line":226,"column":11}}]},"36":{"loc":{"start":{"line":210,"column":12},"end":{"line":213,"column":87}},"type":"binary-expr","locations":[{"start":{"line":210,"column":13},"end":{"line":210,"column":31}},{"start":{"line":210,"column":35},"end":{"line":210,"column":63}},{"start":{"line":210,"column":67},"end":{"line":210,"column":96}},{"start":{"line":211,"column":13},"end":{"line":211,"column":32}},{"start":{"line":211,"column":36},"end":{"line":211,"column":54}},{"start":{"line":211,"column":58},"end":{"line":211,"column":88}},{"start":{"line":211,"column":92},"end":{"line":211,"column":121}},{"start":{"line":212,"column":13},"end":{"line":212,"column":32}},{"start":{"line":212,"column":36},"end":{"line":212,"column":66}},{"start":{"line":213,"column":13},"end":{"line":213,"column":32}},{"start":{"line":213,"column":36},"end":{"line":213,"column":54}},{"start":{"line":213,"column":58},"end":{"line":213,"column":86}}]},"37":{"loc":{"start":{"line":218,"column":17},"end":{"line":226,"column":11}},"type":"if","locations":[{"start":{"line":218,"column":17},"end":{"line":226,"column":11}}]},"38":{"loc":{"start":{"line":228,"column":10},"end":{"line":233,"column":11}},"type":"if","locations":[{"start":{"line":228,"column":10},"end":{"line":233,"column":11}}]},"39":{"loc":{"start":{"line":228,"column":14},"end":{"line":228,"column":140}},"type":"binary-expr","locations":[{"start":{"line":228,"column":15},"end":{"line":228,"column":35}},{"start":{"line":228,"column":39},"end":{"line":228,"column":59}},{"start":{"line":228,"column":63},"end":{"line":228,"column":83}},{"start":{"line":228,"column":87},"end":{"line":228,"column":107}},{"start":{"line":228,"column":112},"end":{"line":228,"column":140}}]},"40":{"loc":{"start":{"line":244,"column":12},"end":{"line":253,"column":13}},"type":"if","locations":[{"start":{"line":244,"column":12},"end":{"line":253,"column":13}},{"start":{"line":251,"column":19},"end":{"line":253,"column":13}}]},"41":{"loc":{"start":{"line":258,"column":18},"end":{"line":263,"column":19}},"type":"if","locations":[{"start":{"line":258,"column":18},"end":{"line":263,"column":19}}]},"42":{"loc":{"start":{"line":258,"column":22},"end":{"line":259,"column":104}},"type":"binary-expr","locations":[{"start":{"line":258,"column":22},"end":{"line":258,"column":104}},{"start":{"line":259,"column":22},"end":{"line":259,"column":104}}]},"43":{"loc":{"start":{"line":265,"column":14},"end":{"line":267,"column":15}},"type":"if","locations":[{"start":{"line":265,"column":14},"end":{"line":267,"column":15}}]},"44":{"loc":{"start":{"line":269,"column":10},"end":{"line":271,"column":11}},"type":"if","locations":[{"start":{"line":269,"column":10},"end":{"line":271,"column":11}}]},"45":{"loc":{"start":{"line":273,"column":6},"end":{"line":275,"column":7}},"type":"if","locations":[{"start":{"line":273,"column":6},"end":{"line":275,"column":7}}]},"46":{"loc":{"start":{"line":277,"column":6},"end":{"line":294,"column":5}},"type":"if","locations":[{"start":{"line":277,"column":6},"end":{"line":294,"column":5}}]},"47":{"loc":{"start":{"line":278,"column":8},"end":{"line":293,"column":9}},"type":"if","locations":[{"start":{"line":278,"column":8},"end":{"line":293,"column":9}},{"start":{"line":289,"column":15},"end":{"line":293,"column":9}}]},"48":{"loc":{"start":{"line":280,"column":10},"end":{"line":288,"column":11}},"type":"if","locations":[{"start":{"line":280,"column":10},"end":{"line":288,"column":11}}]},"49":{"loc":{"start":{"line":283,"column":12},"end":{"line":287,"column":13}},"type":"if","locations":[{"start":{"line":283,"column":12},"end":{"line":287,"column":13}}]},"50":{"loc":{"start":{"line":283,"column":16},"end":{"line":283,"column":87}},"type":"binary-expr","locations":[{"start":{"line":283,"column":16},"end":{"line":283,"column":22}},{"start":{"line":283,"column":26},"end":{"line":283,"column":49}},{"start":{"line":283,"column":53},"end":{"line":283,"column":87}}]},"51":{"loc":{"start":{"line":314,"column":0},"end":{"line":345,"column":1}},"type":"if","locations":[{"start":{"line":314,"column":0},"end":{"line":345,"column":1}}]},"52":{"loc":{"start":{"line":314,"column":4},"end":{"line":314,"column":107}},"type":"binary-expr","locations":[{"start":{"line":314,"column":4},"end":{"line":314,"column":46}},{"start":{"line":314,"column":50},"end":{"line":314,"column":107}}]},"53":{"loc":{"start":{"line":317,"column":4},"end":{"line":343,"column":5}},"type":"if","locations":[{"start":{"line":317,"column":4},"end":{"line":343,"column":5}}]},"54":{"loc":{"start":{"line":323,"column":6},"end":{"line":331,"column":7}},"type":"if","locations":[{"start":{"line":323,"column":6},"end":{"line":331,"column":7}}]},"55":{"loc":{"start":{"line":326,"column":8},"end":{"line":330,"column":9}},"type":"if","locations":[{"start":{"line":326,"column":8},"end":{"line":330,"column":9}}]},"56":{"loc":{"start":{"line":326,"column":12},"end":{"line":326,"column":150}},"type":"binary-expr","locations":[{"start":{"line":326,"column":12},"end":{"line":326,"column":73}},{"start":{"line":326,"column":77},"end":{"line":326,"column":124}},{"start":{"line":326,"column":128},"end":{"line":326,"column":150}}]},"57":{"loc":{"start":{"line":333,"column":6},"end":{"line":342,"column":7}},"type":"if","locations":[{"start":{"line":333,"column":6},"end":{"line":342,"column":7}}]},"58":{"loc":{"start":{"line":333,"column":10},"end":{"line":333,"column":53}},"type":"binary-expr","locations":[{"start":{"line":333,"column":10},"end":{"line":333,"column":15}},{"start":{"line":333,"column":19},"end":{"line":333,"column":53}}]},"59":{"loc":{"start":{"line":348,"column":0},"end":{"line":370,"column":1}},"type":"if","locations":[{"start":{"line":348,"column":0},"end":{"line":370,"column":1}}]},"60":{"loc":{"start":{"line":348,"column":4},"end":{"line":348,"column":57}},"type":"binary-expr","locations":[{"start":{"line":348,"column":4},"end":{"line":348,"column":21}},{"start":{"line":348,"column":25},"end":{"line":348,"column":57}}]},"61":{"loc":{"start":{"line":349,"column":2},"end":{"line":366,"column":1}},"type":"if","locations":[{"start":{"line":349,"column":2},"end":{"line":366,"column":1}}]},"62":{"loc":{"start":{"line":355,"column":6},"end":{"line":359,"column":7}},"type":"if","locations":[{"start":{"line":355,"column":6},"end":{"line":359,"column":7}}]},"63":{"loc":{"start":{"line":355,"column":10},"end":{"line":355,"column":117}},"type":"binary-expr","locations":[{"start":{"line":355,"column":10},"end":{"line":355,"column":40}},{"start":{"line":355,"column":44},"end":{"line":355,"column":74}},{"start":{"line":355,"column":78},"end":{"line":355,"column":117}}]},"64":{"loc":{"start":{"line":361,"column":4},"end":{"line":364,"column":5}},"type":"if","locations":[{"start":{"line":361,"column":4},"end":{"line":364,"column":5}}]},"65":{"loc":{"start":{"line":373,"column":0},"end":{"line":377,"column":1}},"type":"if","locations":[{"start":{"line":373,"column":0},"end":{"line":377,"column":1}}]}},"s":{"0":1,"1":23,"2":23,"3":51,"4":23,"5":6,"6":6,"7":12,"8":12,"9":12,"10":12,"11":6,"12":17,"13":16,"14":16,"15":16,"16":29,"17":29,"18":29,"19":29,"20":29,"21":3,"22":3,"23":13,"24":23,"25":23,"26":23,"27":23,"28":23,"29":23,"30":23,"31":23,"32":23,"33":23,"34":23,"35":23,"36":23,"37":23,"38":0,"39":23,"40":23,"41":23,"42":6,"43":6,"44":23,"45":1,"46":1,"47":1,"48":1,"49":0,"50":0,"51":0,"52":23,"53":3,"54":3,"55":23,"56":46,"57":46,"58":46,"59":46,"60":46,"61":46,"62":46,"63":46,"64":46,"65":46,"66":46,"67":46,"68":10,"69":10,"70":10,"71":46,"72":552,"73":552,"74":172,"75":172,"76":380,"77":380,"78":948,"79":948,"80":948,"81":948,"82":948,"83":948,"84":50,"85":50,"86":898,"87":136,"88":136,"89":762,"90":704,"91":704,"92":58,"93":58,"94":4,"95":4,"96":54,"97":36,"98":36,"99":18,"100":18,"101":18,"102":18,"103":18,"104":18,"105":18,"106":18,"107":36,"108":2,"109":2,"110":2,"111":2,"112":34,"113":76,"114":76,"115":76,"116":22,"117":22,"118":54,"119":34,"120":34,"121":34,"122":544,"123":544,"124":1216,"125":0,"126":0,"127":0,"128":544,"129":0,"130":34,"131":0,"132":362,"133":0,"134":362,"135":22,"136":22,"137":22,"138":22,"139":22,"140":22,"141":22,"142":22,"143":22,"144":0,"145":0,"146":0,"147":6,"148":23,"149":23,"150":23,"151":23,"152":23,"153":23,"154":23,"155":23,"156":23,"157":23,"158":11,"159":11,"160":19,"161":19,"162":19,"163":19,"164":19,"165":19,"166":19,"167":0,"168":0,"169":0,"170":0,"171":0,"172":19,"173":19,"174":9,"175":9,"176":9,"177":9,"178":9,"179":9,"180":9,"181":9,"182":23,"183":23,"184":23,"185":23,"186":23,"187":23,"188":17,"189":17,"190":17,"191":17,"192":27,"193":27,"194":7,"195":7,"196":7,"197":17,"198":7,"199":7,"200":23,"201":23,"202":7,"203":7,"204":23,"205":23,"206":23,"207":23,"208":23,"209":23,"210":23,"211":1},"f":{"0":23,"1":51,"2":16,"3":23,"4":46,"5":76},"b":{"0":[12],"1":[12,12,12,12],"2":[6],"3":[12,12],"4":[10,6],"5":[29],"6":[29,29,29,29],"7":[3],"8":[29,5],"9":[6,17],"10":[17,6],"11":[23],"12":[0],"13":[23,23,23],"14":[6],"15":[1],"16":[23,1],"17":[1,0],"18":[1,1,1],"19":[0],"20":[0,0,0],"21":[3],"22":[23,16],"23":[34,12],"24":[10],"25":[46,22,14],"26":[172],"27":[948],"28":[50],"29":[948,70],"30":[136],"31":[898,140],"32":[704],"33":[762,762,58],"34":[4],"35":[36,18],"36":[54,40,34,26,14,10,8,18,4,18,6,2],"37":[18],"38":[2],"39":[36,36,34,32,8],"40":[22,54],"41":[0],"42":[1216,0],"43":[0],"44":[0],"45":[0],"46":[22],"47":[22,0],"48":[22],"49":[22],"50":[22,22,0],"51":[11],"52":[23,11],"53":[19],"54":[0],"55":[0],"56":[0,0,0],"57":[9],"58":[19,19],"59":[23],"60":[23,23],"61":[23],"62":[7],"63":[27,21,7],"64":[7],"65":[7]}}
,"C:\\Users\\George\\Desktop\\PracticeProjects\\chess\\client\\src\\gameLogic\\pawnPromotion.ts": {"path":"C:\\Users\\George\\Desktop\\PracticeProjects\\chess\\client\\src\\gameLogic\\pawnPromotion.ts","statementMap":{"0":{"start":{"line":7,"column":2},"end":{"line":9,"column":3}},"1":{"start":{"line":8,"column":4},"end":{"line":8,"column":17}},"2":{"start":{"line":11,"column":14},"end":{"line":11,"column":24}},"3":{"start":{"line":14,"column":2},"end":{"line":14,"column":86}},"4":{"start":{"line":31,"column":2},"end":{"line":34,"column":3}},"5":{"start":{"line":32,"column":4},"end":{"line":32,"column":45}},"6":{"start":{"line":33,"column":4},"end":{"line":33,"column":21}},"7":{"start":{"line":36,"column":2},"end":{"line":36,"column":65}},"8":{"start":{"line":39,"column":38},"end":{"line":39,"column":75}},"9":{"start":{"line":42,"column":35},"end":{"line":47,"column":4}},"10":{"start":{"line":50,"column":21},"end":{"line":50,"column":31}},"11":{"start":{"line":51,"column":2},"end":{"line":51,"column":49}},"12":{"start":{"line":54,"column":16},"end":{"line":54,"column":41}},"13":{"start":{"line":55,"column":21},"end":{"line":56,"column":null}},"14":{"start":{"line":56,"column":9},"end":{"line":56,"column":53}},"15":{"start":{"line":59,"column":2},"end":{"line":65,"column":3}},"16":{"start":{"line":60,"column":4},"end":{"line":64,"column":6}},"17":{"start":{"line":68,"column":15},"end":{"line":77,"column":4}},"18":{"start":{"line":80,"column":2},"end":{"line":80,"column":34}},"19":{"start":{"line":82,"column":2},"end":{"line":82,"column":22}},"20":{"start":{"line":90,"column":2},"end":{"line":90,"column":47}},"21":{"start":{"line":93,"column":0},"end":{"line":97,"column":2}}},"fnMap":{"0":{"name":"isPawnPromotion","decl":{"start":{"line":6,"column":9},"end":{"line":6,"column":24}},"loc":{"start":{"line":6,"column":63},"end":{"line":15,"column":1}}},"1":{"name":"handlePawnPromotion","decl":{"start":{"line":24,"column":9},"end":{"line":24,"column":28}},"loc":{"start":{"line":28,"column":43},"end":{"line":83,"column":1}}},"2":{"name":"(anonymous_2)","decl":{"start":{"line":56,"column":4},"end":{"line":56,"column":5}},"loc":{"start":{"line":56,"column":9},"end":{"line":56,"column":53}}},"3":{"name":"getPromotionChoices","decl":{"start":{"line":89,"column":9},"end":{"line":89,"column":28}},"loc":{"start":{"line":89,"column":28},"end":{"line":91,"column":1}}}},"branchMap":{"0":{"loc":{"start":{"line":7,"column":2},"end":{"line":9,"column":3}},"type":"if","locations":[{"start":{"line":7,"column":2},"end":{"line":9,"column":3}}]},"1":{"loc":{"start":{"line":14,"column":9},"end":{"line":14,"column":85}},"type":"binary-expr","locations":[{"start":{"line":14,"column":10},"end":{"line":14,"column":33}},{"start":{"line":14,"column":37},"end":{"line":14,"column":44}},{"start":{"line":14,"column":50},"end":{"line":14,"column":73}},{"start":{"line":14,"column":77},"end":{"line":14,"column":84}}]},"2":{"loc":{"start":{"line":28,"column":2},"end":{"line":28,"column":43}},"type":"default-arg","locations":[{"start":{"line":28,"column":36},"end":{"line":28,"column":43}}]},"3":{"loc":{"start":{"line":31,"column":2},"end":{"line":34,"column":3}},"type":"if","locations":[{"start":{"line":31,"column":2},"end":{"line":34,"column":3}}]},"4":{"loc":{"start":{"line":31,"column":6},"end":{"line":31,"column":66}},"type":"binary-expr","locations":[{"start":{"line":31,"column":6},"end":{"line":31,"column":41}},{"start":{"line":31,"column":45},"end":{"line":31,"column":66}}]},"5":{"loc":{"start":{"line":56,"column":9},"end":{"line":56,"column":53}},"type":"binary-expr","locations":[{"start":{"line":56,"column":9},"end":{"line":56,"column":26}},{"start":{"line":56,"column":30},"end":{"line":56,"column":53}}]},"6":{"loc":{"start":{"line":59,"column":2},"end":{"line":65,"column":3}},"type":"if","locations":[{"start":{"line":59,"column":2},"end":{"line":65,"column":3}}]}},"s":{"0":1,"1":0,"2":1,"3":1,"4":0,"5":0,"6":0,"7":0,"8":0,"9":0,"10":0,"11":0,"12":0,"13":0,"14":0,"15":0,"16":0,"17":0,"18":0,"19":0,"20":0,"21":1},"f":{"0":1,"1":0,"2":0,"3":0},"b":{"0":[0],"1":[1,1,1,0],"2":[0],"3":[0],"4":[0,0],"5":[0,0],"6":[0]}}
,"C:\\Users\\George\\Desktop\\PracticeProjects\\chess\\client\\src\\gameLogic\\pieceMoves.ts": {"path":"C:\\Users\\George\\Desktop\\PracticeProjects\\chess\\client\\src\\gameLogic\\pieceMoves.ts","statementMap":{"0":{"start":{"line":129,"column":11},"end":{"line":129,"column":23}},"1":{"start":{"line":129,"column":25},"end":{"line":129,"column":41}},"2":{"start":{"line":129,"column":43},"end":{"line":129,"column":57}},"3":{"start":{"line":129,"column":59},"end":{"line":129,"column":72}},"4":{"start":{"line":6,"column":2},"end":{"line":8,"column":3}},"5":{"start":{"line":7,"column":4},"end":{"line":7,"column":18}},"6":{"start":{"line":9,"column":2},"end":{"line":9,"column":33}},"7":{"start":{"line":12,"column":27},"end":{"line":19,"column":2}},"8":{"start":{"line":29,"column":25},"end":{"line":29,"column":95}},"9":{"start":{"line":30,"column":25},"end":{"line":30,"column":97}},"10":{"start":{"line":31,"column":23},"end":{"line":31,"column":93}},"11":{"start":{"line":32,"column":25},"end":{"line":32,"column":61}},"12":{"start":{"line":36,"column":2},"end":{"line":53,"column":3}},"13":{"start":{"line":37,"column":6},"end":{"line":37,"column":69}},"14":{"start":{"line":40,"column":28},"end":{"line":40,"column":57}},"15":{"start":{"line":42,"column":32},"end":{"line":42,"column":186}},"16":{"start":{"line":42,"column":172},"end":{"line":42,"column":185}},"17":{"start":{"line":43,"column":6},"end":{"line":43,"column":53}},"18":{"start":{"line":45,"column":6},"end":{"line":50,"column":7}},"19":{"start":{"line":46,"column":32},"end":{"line":46,"column":80}},"20":{"start":{"line":47,"column":36},"end":{"line":47,"column":127}},"21":{"start":{"line":48,"column":10},"end":{"line":48,"column":62}},"22":{"start":{"line":49,"column":10},"end":{"line":49,"column":156}},"23":{"start":{"line":49,"column":51},"end":{"line":49,"column":154}},"24":{"start":{"line":49,"column":120},"end":{"line":49,"column":152}},"25":{"start":{"line":51,"column":6},"end":{"line":51,"column":56}},"26":{"start":{"line":52,"column":6},"end":{"line":52,"column":19}},"27":{"start":{"line":54,"column":2},"end":{"line":54,"column":12}},"28":{"start":{"line":57,"column":30},"end":{"line":57,"column":32}},"29":{"start":{"line":58,"column":4},"end":{"line":58,"column":65}},"30":{"start":{"line":61,"column":20},"end":{"line":61,"column":81}},"31":{"start":{"line":62,"column":23},"end":{"line":62,"column":68}},"32":{"start":{"line":63,"column":30},"end":{"line":63,"column":56}},"33":{"start":{"line":65,"column":4},"end":{"line":65,"column":73}},"34":{"start":{"line":68,"column":4},"end":{"line":76,"column":5}},"35":{"start":{"line":75,"column":6},"end":{"line":75,"column":26}},"36":{"start":{"line":79,"column":4},"end":{"line":94,"column":5}},"37":{"start":{"line":80,"column":28},"end":{"line":80,"column":73}},"38":{"start":{"line":81,"column":35},"end":{"line":81,"column":64}},"39":{"start":{"line":83,"column":6},"end":{"line":93,"column":7}},"40":{"start":{"line":91,"column":8},"end":{"line":91,"column":31}},"41":{"start":{"line":92,"column":8},"end":{"line":92,"column":58}},"42":{"start":{"line":97,"column":34},"end":{"line":100,"column":6}},"43":{"start":{"line":101,"column":35},"end":{"line":104,"column":6}},"44":{"start":{"line":105,"column":26},"end":{"line":105,"column":107}},"45":{"start":{"line":108,"column":4},"end":{"line":116,"column":5}},"46":{"start":{"line":115,"column":6},"end":{"line":115,"column":30}},"47":{"start":{"line":117,"column":4},"end":{"line":125,"column":5}},"48":{"start":{"line":124,"column":6},"end":{"line":124,"column":31}},"49":{"start":{"line":126,"column":4},"end":{"line":126,"column":43}},"50":{"start":{"line":127,"column":4},"end":{"line":127,"column":17}},"51":{"start":{"line":132,"column":4},"end":{"line":132,"column":65}},"52":{"start":{"line":134,"column":4},"end":{"line":144,"column":5}},"53":{"start":{"line":135,"column":8},"end":{"line":135,"column":50}},"54":{"start":{"line":136,"column":11},"end":{"line":144,"column":5}},"55":{"start":{"line":137,"column":8},"end":{"line":141,"column":9}},"56":{"start":{"line":138,"column":12},"end":{"line":138,"column":42}},"57":{"start":{"line":140,"column":12},"end":{"line":140,"column":42}},"58":{"start":{"line":143,"column":8},"end":{"line":143,"column":38}},"59":{"start":{"line":145,"column":4},"end":{"line":145,"column":45}},"60":{"start":{"line":146,"column":24},"end":{"line":180,"column":6}},"61":{"start":{"line":147,"column":26},"end":{"line":147,"column":28}},"62":{"start":{"line":148,"column":8},"end":{"line":177,"column":9}},"63":{"start":{"line":148,"column":21},"end":{"line":148,"column":22}},"64":{"start":{"line":149,"column":32},"end":{"line":149,"column":88}},"65":{"start":{"line":150,"column":12},"end":{"line":150,"column":76}},"66":{"start":{"line":151,"column":12},"end":{"line":154,"column":13}},"67":{"start":{"line":152,"column":16},"end":{"line":152,"column":70}},"68":{"start":{"line":153,"column":16},"end":{"line":153,"column":22}},"69":{"start":{"line":155,"column":12},"end":{"line":155,"column":40}},"70":{"start":{"line":156,"column":12},"end":{"line":156,"column":51}},"71":{"start":{"line":157,"column":39},"end":{"line":157,"column":86}},"72":{"start":{"line":158,"column":12},"end":{"line":158,"column":69}},"73":{"start":{"line":166,"column":12},"end":{"line":176,"column":13}},"74":{"start":{"line":167,"column":16},"end":{"line":167,"column":83}},"75":{"start":{"line":168,"column":16},"end":{"line":174,"column":17}},"76":{"start":{"line":169,"column":20},"end":{"line":169,"column":100}},"77":{"start":{"line":171,"column":20},"end":{"line":171,"column":36}},"78":{"start":{"line":172,"column":20},"end":{"line":172,"column":59}},"79":{"start":{"line":173,"column":20},"end":{"line":173,"column":26}},"80":{"start":{"line":175,"column":16},"end":{"line":175,"column":22}},"81":{"start":{"line":178,"column":8},"end":{"line":178,"column":72}},"82":{"start":{"line":179,"column":8},"end":{"line":179,"column":25}},"83":{"start":{"line":184,"column":27},"end":{"line":184,"column":38}},"84":{"start":{"line":185,"column":4},"end":{"line":185,"column":null}},"85":{"start":{"line":186,"column":4},"end":{"line":186,"column":26}},"86":{"start":{"line":190,"column":4},"end":{"line":192,"column":5}},"87":{"start":{"line":191,"column":8},"end":{"line":191,"column":73}},"88":{"start":{"line":194,"column":23},"end":{"line":194,"column":82}},"89":{"start":{"line":195,"column":19},"end":{"line":195,"column":27}},"90":{"start":{"line":197,"column":18},"end":{"line":210,"column":6}},"91":{"start":{"line":198,"column":21},"end":{"line":198,"column":28}},"92":{"start":{"line":199,"column":21},"end":{"line":199,"column":28}},"93":{"start":{"line":200,"column":8},"end":{"line":208,"column":9}},"94":{"start":{"line":207,"column":12},"end":{"line":207,"column":32}},"95":{"start":{"line":209,"column":8},"end":{"line":209,"column":20}},"96":{"start":{"line":211,"column":4},"end":{"line":211,"column":80}},"97":{"start":{"line":212,"column":21},"end":{"line":212,"column":70}},"98":{"start":{"line":212,"column":42},"end":{"line":212,"column":55}},"99":{"start":{"line":214,"column":4},"end":{"line":222,"column":5}},"100":{"start":{"line":216,"column":30},"end":{"line":216,"column":73}},"101":{"start":{"line":217,"column":27},"end":{"line":217,"column":65}},"102":{"start":{"line":218,"column":8},"end":{"line":220,"column":11}},"103":{"start":{"line":219,"column":12},"end":{"line":219,"column":102}},"104":{"start":{"line":221,"column":8},"end":{"line":221,"column":88}},"105":{"start":{"line":223,"column":4},"end":{"line":223,"column":22}},"106":{"start":{"line":226,"column":0},"end":{"line":226,"column":32}}},"fnMap":{"0":{"name":"ensureValidPosition","decl":{"start":{"line":5,"column":9},"end":{"line":5,"column":28}},"loc":{"start":{"line":5,"column":42},"end":{"line":10,"column":1}}},"1":{"name":"getMovesForPiece","decl":{"start":{"line":35,"column":9},"end":{"line":35,"column":25}},"loc":{"start":{"line":35,"column":121},"end":{"line":55,"column":1}}},"2":{"name":"(anonymous_2)","decl":{"start":{"line":42,"column":144},"end":{"line":42,"column":145}},"loc":{"start":{"line":42,"column":172},"end":{"line":42,"column":185}}},"3":{"name":"(anonymous_3)","decl":{"start":{"line":49,"column":30},"end":{"line":49,"column":31}},"loc":{"start":{"line":49,"column":51},"end":{"line":49,"column":154}}},"4":{"name":"(anonymous_4)","decl":{"start":{"line":49,"column":106},"end":{"line":49,"column":107}},"loc":{"start":{"line":49,"column":120},"end":{"line":49,"column":152}}},"5":{"name":"getPawnMoves","decl":{"start":{"line":56,"column":9},"end":{"line":56,"column":21}},"loc":{"start":{"line":56,"column":84},"end":{"line":128,"column":3}}},"6":{"name":"getLinearMoves","decl":{"start":{"line":131,"column":9},"end":{"line":131,"column":23}},"loc":{"start":{"line":131,"column":98},"end":{"line":187,"column":1}}},"7":{"name":"(anonymous_7)","decl":{"start":{"line":146,"column":43},"end":{"line":146,"column":44}},"loc":{"start":{"line":146,"column":56},"end":{"line":180,"column":5}}},"8":{"name":"getFixedMoves","decl":{"start":{"line":189,"column":9},"end":{"line":189,"column":22}},"loc":{"start":{"line":189,"column":89},"end":{"line":224,"column":1}}},"9":{"name":"(anonymous_9)","decl":{"start":{"line":197,"column":33},"end":{"line":197,"column":34}},"loc":{"start":{"line":197,"column":46},"end":{"line":210,"column":5}}},"10":{"name":"(anonymous_10)","decl":{"start":{"line":212,"column":34},"end":{"line":212,"column":38}},"loc":{"start":{"line":212,"column":42},"end":{"line":212,"column":55}}},"11":{"name":"(anonymous_11)","decl":{"start":{"line":218,"column":39},"end":{"line":218,"column":43}},"loc":{"start":{"line":218,"column":46},"end":{"line":220,"column":9}}}},"branchMap":{"0":{"loc":{"start":{"line":6,"column":2},"end":{"line":8,"column":3}},"type":"if","locations":[{"start":{"line":6,"column":2},"end":{"line":8,"column":3}}]},"1":{"loc":{"start":{"line":6,"column":6},"end":{"line":6,"column":30}},"type":"binary-expr","locations":[{"start":{"line":6,"column":6},"end":{"line":6,"column":10}},{"start":{"line":6,"column":14},"end":{"line":6,"column":30}}]},"2":{"loc":{"start":{"line":36,"column":2},"end":{"line":53,"column":3}},"type":"if","locations":[{"start":{"line":36,"column":2},"end":{"line":53,"column":3}}]},"3":{"loc":{"start":{"line":36,"column":6},"end":{"line":36,"column":53}},"type":"binary-expr","locations":[{"start":{"line":36,"column":6},"end":{"line":36,"column":17}},{"start":{"line":36,"column":21},"end":{"line":36,"column":53}}]},"4":{"loc":{"start":{"line":45,"column":6},"end":{"line":50,"column":7}},"type":"if","locations":[{"start":{"line":45,"column":6},"end":{"line":50,"column":7}}]},"5":{"loc":{"start":{"line":46,"column":32},"end":{"line":46,"column":80}},"type":"cond-expr","locations":[{"start":{"line":46,"column":63},"end":{"line":46,"column":70}},{"start":{"line":46,"column":73},"end":{"line":46,"column":80}}]},"6":{"loc":{"start":{"line":47,"column":36},"end":{"line":47,"column":127}},"type":"binary-expr","locations":[{"start":{"line":47,"column":36},"end":{"line":47,"column":72}},{"start":{"line":47,"column":76},"end":{"line":47,"column":127}}]},"7":{"loc":{"start":{"line":49,"column":51},"end":{"line":49,"column":154}},"type":"binary-expr","locations":[{"start":{"line":49,"column":51},"end":{"line":49,"column":55}},{"start":{"line":49,"column":60},"end":{"line":49,"column":78}},{"start":{"line":49,"column":82},"end":{"line":49,"column":153}}]},"8":{"loc":{"start":{"line":49,"column":120},"end":{"line":49,"column":152}},"type":"binary-expr","locations":[{"start":{"line":49,"column":120},"end":{"line":49,"column":134}},{"start":{"line":49,"column":138},"end":{"line":49,"column":152}}]},"9":{"loc":{"start":{"line":62,"column":23},"end":{"line":62,"column":68}},"type":"cond-expr","locations":[{"start":{"line":62,"column":33},"end":{"line":62,"column":49}},{"start":{"line":62,"column":52},"end":{"line":62,"column":68}}]},"10":{"loc":{"start":{"line":68,"column":4},"end":{"line":76,"column":5}},"type":"if","locations":[{"start":{"line":68,"column":4},"end":{"line":76,"column":5}}]},"11":{"loc":{"start":{"line":69,"column":6},"end":{"line":73,"column":64}},"type":"binary-expr","locations":[{"start":{"line":69,"column":6},"end":{"line":69,"column":22}},{"start":{"line":70,"column":6},"end":{"line":70,"column":42}},{"start":{"line":71,"column":6},"end":{"line":71,"column":22}},{"start":{"line":72,"column":6},"end":{"line":72,"column":45}},{"start":{"line":73,"column":6},"end":{"line":73,"column":64}}]},"12":{"loc":{"start":{"line":79,"column":4},"end":{"line":94,"column":5}},"type":"if","locations":[{"start":{"line":79,"column":4},"end":{"line":94,"column":5}}]},"13":{"loc":{"start":{"line":80,"column":28},"end":{"line":80,"column":73}},"type":"cond-expr","locations":[{"start":{"line":80,"column":38},"end":{"line":80,"column":54}},{"start":{"line":80,"column":57},"end":{"line":80,"column":73}}]},"14":{"loc":{"start":{"line":83,"column":6},"end":{"line":93,"column":7}},"type":"if","locations":[{"start":{"line":83,"column":6},"end":{"line":93,"column":7}}]},"15":{"loc":{"start":{"line":84,"column":8},"end":{"line":89,"column":72}},"type":"binary-expr","locations":[{"start":{"line":84,"column":8},"end":{"line":84,"column":24}},{"start":{"line":85,"column":8},"end":{"line":85,"column":44}},{"start":{"line":86,"column":8},"end":{"line":86,"column":27}},{"start":{"line":87,"column":8},"end":{"line":87,"column":47}},{"start":{"line":88,"column":8},"end":{"line":88,"column":66}},{"start":{"line":89,"column":8},"end":{"line":89,"column":72}}]},"16":{"loc":{"start":{"line":98,"column":6},"end":{"line":98,"column":51}},"type":"cond-expr","locations":[{"start":{"line":98,"column":16},"end":{"line":98,"column":32}},{"start":{"line":98,"column":35},"end":{"line":98,"column":51}}]},"17":{"loc":{"start":{"line":99,"column":6},"end":{"line":99,"column":51}},"type":"cond-expr","locations":[{"start":{"line":99,"column":16},"end":{"line":99,"column":32}},{"start":{"line":99,"column":35},"end":{"line":99,"column":51}}]},"18":{"loc":{"start":{"line":102,"column":6},"end":{"line":102,"column":51}},"type":"cond-expr","locations":[{"start":{"line":102,"column":16},"end":{"line":102,"column":32}},{"start":{"line":102,"column":35},"end":{"line":102,"column":51}}]},"19":{"loc":{"start":{"line":103,"column":6},"end":{"line":103,"column":51}},"type":"cond-expr","locations":[{"start":{"line":103,"column":16},"end":{"line":103,"column":32}},{"start":{"line":103,"column":35},"end":{"line":103,"column":51}}]},"20":{"loc":{"start":{"line":105,"column":26},"end":{"line":105,"column":107}},"type":"cond-expr","locations":[{"start":{"line":105,"column":90},"end":{"line":105,"column":97}},{"start":{"line":105,"column":100},"end":{"line":105,"column":107}}]},"21":{"loc":{"start":{"line":108,"column":4},"end":{"line":116,"column":5}},"type":"if","locations":[{"start":{"line":108,"column":4},"end":{"line":116,"column":5}}]},"22":{"loc":{"start":{"line":109,"column":6},"end":{"line":113,"column":78}},"type":"binary-expr","locations":[{"start":{"line":109,"column":6},"end":{"line":109,"column":25}},{"start":{"line":110,"column":6},"end":{"line":110,"column":45}},{"start":{"line":111,"column":6},"end":{"line":111,"column":25}},{"start":{"line":112,"column":6},"end":{"line":112,"column":48}},{"start":{"line":113,"column":6},"end":{"line":113,"column":78}}]},"23":{"loc":{"start":{"line":117,"column":4},"end":{"line":125,"column":5}},"type":"if","locations":[{"start":{"line":117,"column":4},"end":{"line":125,"column":5}}]},"24":{"loc":{"start":{"line":118,"column":6},"end":{"line":122,"column":80}},"type":"binary-expr","locations":[{"start":{"line":118,"column":6},"end":{"line":118,"column":26}},{"start":{"line":119,"column":6},"end":{"line":119,"column":46}},{"start":{"line":120,"column":6},"end":{"line":120,"column":26}},{"start":{"line":121,"column":6},"end":{"line":121,"column":49}},{"start":{"line":122,"column":6},"end":{"line":122,"column":80}}]},"25":{"loc":{"start":{"line":134,"column":4},"end":{"line":144,"column":5}},"type":"if","locations":[{"start":{"line":134,"column":4},"end":{"line":144,"column":5}},{"start":{"line":136,"column":11},"end":{"line":144,"column":5}}]},"26":{"loc":{"start":{"line":136,"column":11},"end":{"line":144,"column":5}},"type":"if","locations":[{"start":{"line":136,"column":11},"end":{"line":144,"column":5}},{"start":{"line":142,"column":11},"end":{"line":144,"column":5}}]},"27":{"loc":{"start":{"line":137,"column":8},"end":{"line":141,"column":9}},"type":"if","locations":[{"start":{"line":137,"column":8},"end":{"line":141,"column":9}},{"start":{"line":139,"column":15},"end":{"line":141,"column":9}}]},"28":{"loc":{"start":{"line":151,"column":12},"end":{"line":154,"column":13}},"type":"if","locations":[{"start":{"line":151,"column":12},"end":{"line":154,"column":13}}]},"29":{"loc":{"start":{"line":151,"column":16},"end":{"line":151,"column":100}},"type":"binary-expr","locations":[{"start":{"line":151,"column":16},"end":{"line":151,"column":34}},{"start":{"line":151,"column":38},"end":{"line":151,"column":56}},{"start":{"line":151,"column":60},"end":{"line":151,"column":78}},{"start":{"line":151,"column":82},"end":{"line":151,"column":100}}]},"30":{"loc":{"start":{"line":166,"column":12},"end":{"line":176,"column":13}},"type":"if","locations":[{"start":{"line":166,"column":12},"end":{"line":176,"column":13}}]},"31":{"loc":{"start":{"line":168,"column":16},"end":{"line":174,"column":17}},"type":"if","locations":[{"start":{"line":168,"column":16},"end":{"line":174,"column":17}}]},"32":{"loc":{"start":{"line":190,"column":4},"end":{"line":192,"column":5}},"type":"if","locations":[{"start":{"line":190,"column":4},"end":{"line":192,"column":5}}]},"33":{"loc":{"start":{"line":190,"column":8},"end":{"line":190,"column":56}},"type":"binary-expr","locations":[{"start":{"line":190,"column":8},"end":{"line":190,"column":31}},{"start":{"line":190,"column":35},"end":{"line":190,"column":56}}]},"34":{"loc":{"start":{"line":194,"column":23},"end":{"line":194,"column":82}},"type":"cond-expr","locations":[{"start":{"line":194,"column":49},"end":{"line":194,"column":65}},{"start":{"line":194,"column":68},"end":{"line":194,"column":82}}]},"35":{"loc":{"start":{"line":200,"column":8},"end":{"line":208,"column":9}},"type":"if","locations":[{"start":{"line":200,"column":8},"end":{"line":208,"column":9}}]},"36":{"loc":{"start":{"line":201,"column":12},"end":{"line":205,"column":95}},"type":"binary-expr","locations":[{"start":{"line":201,"column":12},"end":{"line":201,"column":21}},{"start":{"line":202,"column":12},"end":{"line":202,"column":20}},{"start":{"line":203,"column":12},"end":{"line":203,"column":21}},{"start":{"line":204,"column":12},"end":{"line":204,"column":20}},{"start":{"line":205,"column":13},"end":{"line":205,"column":41}},{"start":{"line":205,"column":45},"end":{"line":205,"column":94}}]},"37":{"loc":{"start":{"line":214,"column":4},"end":{"line":222,"column":5}},"type":"if","locations":[{"start":{"line":214,"column":4},"end":{"line":222,"column":5}}]},"38":{"loc":{"start":{"line":216,"column":30},"end":{"line":216,"column":73}},"type":"cond-expr","locations":[{"start":{"line":216,"column":56},"end":{"line":216,"column":63}},{"start":{"line":216,"column":66},"end":{"line":216,"column":73}}]},"39":{"loc":{"start":{"line":219,"column":19},"end":{"line":219,"column":101}},"type":"binary-expr","locations":[{"start":{"line":219,"column":19},"end":{"line":219,"column":58}},{"start":{"line":219,"column":62},"end":{"line":219,"column":101}}]}},"s":{"0":1,"1":1,"2":1,"3":1,"4":16,"5":0,"6":16,"7":1,"8":1,"9":1,"10":1,"11":1,"12":16,"13":16,"14":16,"15":16,"16":189,"17":16,"18":16,"19":4,"20":4,"21":4,"22":4,"23":20,"24":320,"25":12,"26":12,"27":0,"28":1,"29":1,"30":1,"31":1,"32":1,"33":1,"34":1,"35":1,"36":1,"37":1,"38":1,"39":1,"40":1,"41":1,"42":1,"43":1,"44":1,"45":1,"46":0,"47":1,"48":0,"49":1,"50":1,"51":10,"52":10,"53":4,"54":6,"55":2,"56":1,"57":1,"58":4,"59":10,"60":10,"61":56,"62":56,"63":56,"64":206,"65":206,"66":206,"67":40,"68":40,"69":166,"70":166,"71":166,"72":166,"73":166,"74":14,"75":14,"76":7,"77":7,"78":7,"79":7,"80":7,"81":56,"82":56,"83":10,"84":10,"85":10,"86":5,"87":0,"88":5,"89":5,"90":5,"91":40,"92":40,"93":40,"94":28,"95":12,"96":5,"97":5,"98":40,"99":5,"100":4,"101":4,"102":4,"103":20,"104":4,"105":5,"106":1},"f":{"0":16,"1":16,"2":189,"3":20,"4":320,"5":1,"6":10,"7":56,"8":5,"9":40,"10":40,"11":20},"b":{"0":[0],"1":[16,16],"2":[16],"3":[16,16],"4":[4],"5":[0,4],"6":[4,4],"7":[20,20,20],"8":[320,0],"9":[0,1],"10":[1],"11":[1,1,1,1,1],"12":[1],"13":[0,1],"14":[1],"15":[1,1,1,1,1,1],"16":[0,1],"17":[0,1],"18":[0,1],"19":[0,1],"20":[1,0],"21":[0],"22":[1,1,1,1,1],"23":[0],"24":[1,1,1,1,1],"25":[4,6],"26":[2,4],"27":[1,1],"28":[40],"29":[206,195,187,175],"30":[14],"31":[7],"32":[0],"33":[5,4],"34":[1,4],"35":[28],"36":[40,28,28,28,28,28],"37":[4],"38":[0,4],"39":[20,0]}}
,"C:\\Users\\George\\Desktop\\PracticeProjects\\chess\\client\\src\\gameLogic\\validMoves.ts": {"path":"C:\\Users\\George\\Desktop\\PracticeProjects\\chess\\client\\src\\gameLogic\\validMoves.ts","statementMap":{"0":{"start":{"line":2,"column":0},"end":{"line":2,"column":72}},"1":{"start":{"line":3,"column":0},"end":{"line":3,"column":44}},"2":{"start":{"line":4,"column":0},"end":{"line":4,"column":36}},"3":{"start":{"line":5,"column":0},"end":{"line":5,"column":48}},"4":{"start":{"line":6,"column":0},"end":{"line":6,"column":44}},"5":{"start":{"line":7,"column":0},"end":{"line":7,"column":69}},"6":{"start":{"line":11,"column":2},"end":{"line":11,"column":150}},"7":{"start":{"line":12,"column":28},"end":{"line":12,"column":30}},"8":{"start":{"line":13,"column":47},"end":{"line":13,"column":79}},"9":{"start":{"line":14,"column":26},"end":{"line":14,"column":31}},"10":{"start":{"line":17,"column":26},"end":{"line":17,"column":38}},"11":{"start":{"line":18,"column":23},"end":{"line":18,"column":61}},"12":{"start":{"line":19,"column":24},"end":{"line":19,"column":62}},"13":{"start":{"line":20,"column":21},"end":{"line":20,"column":26}},"14":{"start":{"line":21,"column":46},"end":{"line":21,"column":103}},"15":{"start":{"line":22,"column":22},"end":{"line":22,"column":59}},"16":{"start":{"line":23,"column":30},"end":{"line":23,"column":32}},"17":{"start":{"line":24,"column":19},"end":{"line":24,"column":24}},"18":{"start":{"line":27,"column":2},"end":{"line":30,"column":3}},"19":{"start":{"line":28,"column":4},"end":{"line":28,"column":68}},"20":{"start":{"line":29,"column":4},"end":{"line":29,"column":11}},"21":{"start":{"line":32,"column":2},"end":{"line":32,"column":251}},"22":{"start":{"line":33,"column":2},"end":{"line":37,"column":3}},"23":{"start":{"line":34,"column":4},"end":{"line":34,"column":109}},"24":{"start":{"line":36,"column":4},"end":{"line":36,"column":82}},"25":{"start":{"line":39,"column":32},"end":{"line":39,"column":69}},"26":{"start":{"line":42,"column":2},"end":{"line":42,"column":198}},"27":{"start":{"line":43,"column":2},"end":{"line":43,"column":74}},"28":{"start":{"line":44,"column":2},"end":{"line":44,"column":135}},"29":{"start":{"line":47,"column":2},"end":{"line":75,"column":3}},"30":{"start":{"line":47,"column":28},"end":{"line":47,"column":29}},"31":{"start":{"line":48,"column":4},"end":{"line":56,"column":5}},"32":{"start":{"line":49,"column":6},"end":{"line":55,"column":7}},"33":{"start":{"line":50,"column":8},"end":{"line":50,"column":87}},"34":{"start":{"line":51,"column":8},"end":{"line":51,"column":150}},"35":{"start":{"line":53,"column":10},"end":{"line":53,"column":55}},"36":{"start":{"line":54,"column":10},"end":{"line":54,"column":34}},"37":{"start":{"line":57,"column":4},"end":{"line":74,"column":3}},"38":{"start":{"line":57,"column":37},"end":{"line":57,"column":38}},"39":{"start":{"line":58,"column":6},"end":{"line":58,"column":126}},"40":{"start":{"line":59,"column":21},"end":{"line":59,"column":78}},"41":{"start":{"line":60,"column":6},"end":{"line":73,"column":7}},"42":{"start":{"line":61,"column":25},"end":{"line":61,"column":31}},"43":{"start":{"line":62,"column":24},"end":{"line":62,"column":57}},"44":{"start":{"line":63,"column":10},"end":{"line":63,"column":140}},"45":{"start":{"line":64,"column":10},"end":{"line":67,"column":11}},"46":{"start":{"line":66,"column":14},"end":{"line":66,"column":20}},"47":{"start":{"line":68,"column":10},"end":{"line":72,"column":11}},"48":{"start":{"line":70,"column":14},"end":{"line":70,"column":53}},"49":{"start":{"line":71,"column":14},"end":{"line":71,"column":20}},"50":{"start":{"line":77,"column":29},"end":{"line":77,"column":41}},"51":{"start":{"line":78,"column":21},"end":{"line":78,"column":29}},"52":{"start":{"line":80,"column":22},"end":{"line":80,"column":50}},"53":{"start":{"line":81,"column":12},"end":{"line":81,"column":31}},"54":{"start":{"line":83,"column":4},"end":{"line":83,"column":94}},"55":{"start":{"line":85,"column":4},"end":{"line":92,"column":5}},"56":{"start":{"line":86,"column":8},"end":{"line":86,"column":71}},"57":{"start":{"line":87,"column":8},"end":{"line":90,"column":9}},"58":{"start":{"line":88,"column":12},"end":{"line":88,"column":73}},"59":{"start":{"line":89,"column":12},"end":{"line":89,"column":25}},"60":{"start":{"line":91,"column":8},"end":{"line":91,"column":23}},"61":{"start":{"line":94,"column":4},"end":{"line":94,"column":73}},"62":{"start":{"line":95,"column":4},"end":{"line":95,"column":16}},"63":{"start":{"line":97,"column":2},"end":{"line":97,"column":65}},"64":{"start":{"line":98,"column":18},"end":{"line":98,"column":23}},"65":{"start":{"line":100,"column":25},"end":{"line":260,"column":3}},"66":{"start":{"line":101,"column":4},"end":{"line":104,"column":5}},"67":{"start":{"line":102,"column":6},"end":{"line":102,"column":43}},"68":{"start":{"line":103,"column":6},"end":{"line":103,"column":13}},"69":{"start":{"line":106,"column":4},"end":{"line":106,"column":56}},"70":{"start":{"line":109,"column":6},"end":{"line":118,"column":7}},"71":{"start":{"line":109,"column":27},"end":{"line":109,"column":28}},"72":{"start":{"line":110,"column":8},"end":{"line":117,"column":9}},"73":{"start":{"line":110,"column":21},"end":{"line":110,"column":22}},"74":{"start":{"line":111,"column":33},"end":{"line":111,"column":65}},"75":{"start":{"line":112,"column":10},"end":{"line":116,"column":11}},"76":{"start":{"line":115,"column":12},"end":{"line":115,"column":24}},"77":{"start":{"line":119,"column":6},"end":{"line":119,"column":19}},"78":{"start":{"line":121,"column":26},"end":{"line":208,"column":5}},"79":{"start":{"line":122,"column":6},"end":{"line":207,"column":7}},"80":{"start":{"line":123,"column":8},"end":{"line":123,"column":85}},"81":{"start":{"line":126,"column":8},"end":{"line":131,"column":9}},"82":{"start":{"line":129,"column":10},"end":{"line":129,"column":84}},"83":{"start":{"line":130,"column":10},"end":{"line":130,"column":17}},"84":{"start":{"line":134,"column":8},"end":{"line":138,"column":9}},"85":{"start":{"line":135,"column":10},"end":{"line":135,"column":57}},"86":{"start":{"line":136,"column":10},"end":{"line":136,"column":28}},"87":{"start":{"line":137,"column":10},"end":{"line":137,"column":17}},"88":{"start":{"line":141,"column":8},"end":{"line":145,"column":9}},"89":{"start":{"line":142,"column":10},"end":{"line":142,"column":63}},"90":{"start":{"line":143,"column":10},"end":{"line":143,"column":28}},"91":{"start":{"line":144,"column":10},"end":{"line":144,"column":17}},"92":{"start":{"line":147,"column":21},"end":{"line":147,"column":38}},"93":{"start":{"line":148,"column":25},"end":{"line":148,"column":42}},"94":{"start":{"line":149,"column":26},"end":{"line":149,"column":63}},"95":{"start":{"line":152,"column":25},"end":{"line":152,"column":48}},"96":{"start":{"line":153,"column":51},"end":{"line":153,"column":68}},"97":{"start":{"line":155,"column":8},"end":{"line":155,"column":112}},"98":{"start":{"line":158,"column":26},"end":{"line":158,"column":58}},"99":{"start":{"line":159,"column":8},"end":{"line":163,"column":9}},"100":{"start":{"line":160,"column":10},"end":{"line":160,"column":82}},"101":{"start":{"line":161,"column":10},"end":{"line":161,"column":28}},"102":{"start":{"line":162,"column":10},"end":{"line":162,"column":17}},"103":{"start":{"line":166,"column":8},"end":{"line":170,"column":9}},"104":{"start":{"line":167,"column":10},"end":{"line":167,"column":63}},"105":{"start":{"line":168,"column":10},"end":{"line":168,"column":28}},"106":{"start":{"line":169,"column":10},"end":{"line":169,"column":17}},"107":{"start":{"line":173,"column":26},"end":{"line":173,"column":47}},"108":{"start":{"line":174,"column":24},"end":{"line":174,"column":44}},"109":{"start":{"line":176,"column":8},"end":{"line":182,"column":9}},"110":{"start":{"line":176,"column":24},"end":{"line":176,"column":33}},"111":{"start":{"line":177,"column":10},"end":{"line":181,"column":11}},"112":{"start":{"line":178,"column":12},"end":{"line":178,"column":86}},"113":{"start":{"line":179,"column":12},"end":{"line":179,"column":30}},"114":{"start":{"line":180,"column":12},"end":{"line":180,"column":19}},"115":{"start":{"line":185,"column":8},"end":{"line":198,"column":9}},"116":{"start":{"line":185,"column":24},"end":{"line":185,"column":32}},"117":{"start":{"line":187,"column":10},"end":{"line":187,"column":42}},"118":{"start":{"line":187,"column":33},"end":{"line":187,"column":42}},"119":{"start":{"line":189,"column":54},"end":{"line":189,"column":68}},"120":{"start":{"line":192,"column":35},"end":{"line":192,"column":122}},"121":{"start":{"line":193,"column":10},"end":{"line":197,"column":11}},"122":{"start":{"line":194,"column":12},"end":{"line":194,"column":88}},"123":{"start":{"line":195,"column":12},"end":{"line":195,"column":30}},"124":{"start":{"line":196,"column":12},"end":{"line":196,"column":19}},"125":{"start":{"line":201,"column":8},"end":{"line":201,"column":83}},"126":{"start":{"line":202,"column":8},"end":{"line":202,"column":25}},"127":{"start":{"line":205,"column":8},"end":{"line":205,"column":33}},"128":{"start":{"line":206,"column":8},"end":{"line":206,"column":21}},"129":{"start":{"line":210,"column":4},"end":{"line":210,"column":20}},"130":{"start":{"line":211,"column":25},"end":{"line":211,"column":78}},"131":{"start":{"line":212,"column":4},"end":{"line":212,"column":108}},"132":{"start":{"line":214,"column":4},"end":{"line":214,"column":177}},"133":{"start":{"line":215,"column":4},"end":{"line":259,"column":5}},"134":{"start":{"line":224,"column":6},"end":{"line":224,"column":103}},"135":{"start":{"line":229,"column":6},"end":{"line":229,"column":166}},"136":{"start":{"line":233,"column":6},"end":{"line":239,"column":7}},"137":{"start":{"line":235,"column":8},"end":{"line":235,"column":96}},"138":{"start":{"line":236,"column":35},"end":{"line":236,"column":92}},"139":{"start":{"line":237,"column":8},"end":{"line":237,"column":106}},"140":{"start":{"line":238,"column":8},"end":{"line":238,"column":139}},"141":{"start":{"line":238,"column":106},"end":{"line":238,"column":137}},"142":{"start":{"line":241,"column":26},"end":{"line":241,"column":30}},"143":{"start":{"line":244,"column":6},"end":{"line":244,"column":97}},"144":{"start":{"line":254,"column":6},"end":{"line":258,"column":7}},"145":{"start":{"line":255,"column":8},"end":{"line":255,"column":33}},"146":{"start":{"line":256,"column":8},"end":{"line":256,"column":65}},"147":{"start":{"line":257,"column":8},"end":{"line":257,"column":21}},"148":{"start":{"line":267,"column":31},"end":{"line":267,"column":57}},"149":{"start":{"line":268,"column":24},"end":{"line":268,"column":71}},"150":{"start":{"line":269,"column":33},"end":{"line":269,"column":38}},"151":{"start":{"line":270,"column":2},"end":{"line":270,"column":305}},"152":{"start":{"line":274,"column":78},"end":{"line":274,"column":264}},"153":{"start":{"line":275,"column":2},"end":{"line":275,"column":143}},"154":{"start":{"line":277,"column":4},"end":{"line":277,"column":62}},"155":{"start":{"line":280,"column":4},"end":{"line":321,"column":5}},"156":{"start":{"line":282,"column":6},"end":{"line":282,"column":74}},"157":{"start":{"line":285,"column":26},"end":{"line":285,"column":88}},"158":{"start":{"line":286,"column":6},"end":{"line":286,"column":59}},"159":{"start":{"line":289,"column":6},"end":{"line":320,"column":7}},"160":{"start":{"line":290,"column":8},"end":{"line":290,"column":48}},"161":{"start":{"line":293,"column":36},"end":{"line":293,"column":126}},"162":{"start":{"line":294,
[...]
end":{"line":374,"column":36}}]},"53":{"loc":{"start":{"line":376,"column":4},"end":{"line":381,"column":5}},"type":"if","locations":[{"start":{"line":376,"column":4},"end":{"line":381,"column":5}}]},"54":{"loc":{"start":{"line":382,"column":4},"end":{"line":386,"column":5}},"type":"if","locations":[{"start":{"line":382,"column":4},"end":{"line":386,"column":5}}]},"55":{"loc":{"start":{"line":393,"column":2},"end":{"line":416,"column":3}},"type":"if","locations":[{"start":{"line":393,"column":2},"end":{"line":416,"column":3}}]},"56":{"loc":{"start":{"line":393,"column":6},"end":{"line":393,"column":36}},"type":"binary-expr","locations":[{"start":{"line":393,"column":6},"end":{"line":393,"column":11}},{"start":{"line":393,"column":15},"end":{"line":393,"column":36}}]},"57":{"loc":{"start":{"line":398,"column":6},"end":{"line":415,"column":7}},"type":"if","locations":[{"start":{"line":398,"column":6},"end":{"line":415,"column":7}},{"start":{"line":413,"column":13},"end":{"line":415,"column":7}}]},"58":{"loc":{"start":{"line":398,"column":10},"end":{"line":398,"column":148}},"type":"binary-expr","locations":[{"start":{"line":398,"column":11},"end":{"line":398,"column":36}},{"start":{"line":398,"column":40},"end":{"line":398,"column":71}},{"start":{"line":398,"column":75},"end":{"line":398,"column":94}},{"start":{"line":398,"column":98},"end":{"line":398,"column":113}},{"start":{"line":398,"column":119},"end":{"line":398,"column":147}}]},"59":{"loc":{"start":{"line":398,"column":140},"end":{"line":398,"column":146}},"type":"binary-expr","locations":[{"start":{"line":398,"column":140},"end":{"line":398,"column":141}},{"start":{"line":398,"column":145},"end":{"line":398,"column":146}}]},"60":{"loc":{"start":{"line":401,"column":43},"end":{"line":403,"column":80}},"type":"cond-expr","locations":[{"start":{"line":402,"column":16},"end":{"line":402,"column":80}},{"start":{"line":403,"column":16},"end":{"line":403,"column":80}}]},"61":{"loc":{"start":{"line":405,"column":10},"end":{"line":412,"column":11}},"type":"if","locations":[{"start":{"line":405,"column":10},"end":{"line":412,"column":11}},{"start":{"line":410,"column":17},"end":{"line":412,"column":11}}]},"62":{"loc":{"start":{"line":421,"column":4},"end":{"line":450,"column":3}},"type":"if","locations":[{"start":{"line":421,"column":4},"end":{"line":450,"column":3}}]},"63":{"loc":{"start":{"line":434,"column":10},"end":{"line":437,"column":11}},"type":"if","locations":[{"start":{"line":434,"column":10},"end":{"line":437,"column":11}}]},"64":{"loc":{"start":{"line":438,"column":10},"end":{"line":446,"column":11}},"type":"if","locations":[{"start":{"line":438,"column":10},"end":{"line":446,"column":11}}]},"65":{"loc":{"start":{"line":438,"column":14},"end":{"line":438,"column":56}},"type":"binary-expr","locations":[{"start":{"line":438,"column":14},"end":{"line":438,"column":22}},{"start":{"line":438,"column":26},"end":{"line":438,"column":33}},{"start":{"line":438,"column":37},"end":{"line":438,"column":45}},{"start":{"line":438,"column":49},"end":{"line":438,"column":56}}]},"66":{"loc":{"start":{"line":440,"column":14},"end":{"line":445,"column":15}},"type":"if","locations":[{"start":{"line":440,"column":14},"end":{"line":445,"column":15}}]},"67":{"loc":{"start":{"line":448,"column":18},"end":{"line":448,"column":189}},"type":"cond-expr","locations":[{"start":{"line":448,"column":60},"end":{"line":448,"column":121}},{"start":{"line":448,"column":124},"end":{"line":448,"column":189}}]},"68":{"loc":{"start":{"line":454,"column":4},"end":{"line":456,"column":5}},"type":"if","locations":[{"start":{"line":454,"column":4},"end":{"line":456,"column":5}}]},"69":{"loc":{"start":{"line":472,"column":10},"end":{"line":488,"column":11}},"type":"if","locations":[{"start":{"line":472,"column":10},"end":{"line":488,"column":11}}]},"70":{"loc":{"start":{"line":472,"column":14},"end":{"line":472,"column":99}},"type":"binary-expr","locations":[{"start":{"line":472,"column":14},"end":{"line":472,"column":33}},{"start":{"line":472,"column":37},"end":{"line":472,"column":62}},{"start":{"line":472,"column":66},"end":{"line":472,"column":99}}]},"71":{"loc":{"start":{"line":476,"column":18},"end":{"line":480,"column":19}},"type":"if","locations":[{"start":{"line":476,"column":18},"end":{"line":480,"column":19}}]},"72":{"loc":{"start":{"line":483,"column":14},"end":{"line":487,"column":15}},"type":"if","locations":[{"start":{"line":483,"column":14},"end":{"line":487,"column":15}}]},"73":{"loc":{"start":{"line":491,"column":6},"end":{"line":495,"column":7}},"type":"if","locations":[{"start":{"line":491,"column":6},"end":{"line":495,"column":7}}]},"74":{"loc":{"start":{"line":498,"column":2},"end":{"line":503,"column":3}},"type":"if","locations":[{"start":{"line":498,"column":2},"end":{"line":503,"column":3}}]},"75":{"loc":{"start":{"line":500,"column":6},"end":{"line":502,"column":7}},"type":"if","locations":[{"start":{"line":500,"column":6},"end":{"line":502,"column":7}}]},"76":{"loc":{"start":{"line":504,"column":27},"end":{"line":508,"column":4}},"type":"binary-expr","locations":[{"start":{"line":504,"column":27},"end":{"line":504,"column":32}},{"start":{"line":504,"column":36},"end":{"line":508,"column":4}}]},"77":{"loc":{"start":{"line":507,"column":11},"end":{"line":507,"column":48}},"type":"binary-expr","locations":[{"start":{"line":507,"column":11},"end":{"line":507,"column":26}},{"start":{"line":507,"column":30},"end":{"line":507,"column":48}}]},"78":{"loc":{"start":{"line":510,"column":2},"end":{"line":536,"column":5}},"type":"if","locations":[{"start":{"line":510,"column":2},"end":{"line":536,"column":5}}]},"79":{"loc":{"start":{"line":510,"column":6},"end":{"line":510,"column":55}},"type":"binary-expr","locations":[{"start":{"line":510,"column":6},"end":{"line":510,"column":22}},{"start":{"line":510,"column":26},"end":{"line":510,"column":55}}]},"80":{"loc":{"start":{"line":523,"column":6},"end":{"line":534,"column":7}},"type":"if","locations":[{"start":{"line":523,"column":6},"end":{"line":534,"column":7}},{"start":{"line":528,"column":13},"end":{"line":534,"column":7}}]},"81":{"loc":{"start":{"line":558,"column":8},"end":{"line":574,"column":9}},"type":"if","locations":[{"start":{"line":558,"column":8},"end":{"line":574,"column":9}}]},"82":{"loc":{"start":{"line":558,"column":12},"end":{"line":558,"column":97}},"type":"binary-expr","locations":[{"start":{"line":558,"column":12},"end":{"line":558,"column":31}},{"start":{"line":558,"column":35},"end":{"line":558,"column":60}},{"start":{"line":558,"column":64},"end":{"line":558,"column":97}}]},"83":{"loc":{"start":{"line":562,"column":16},"end":{"line":566,"column":17}},"type":"if","locations":[{"start":{"line":562,"column":16},"end":{"line":566,"column":17}}]},"84":{"loc":{"start":{"line":569,"column":12},"end":{"line":573,"column":13}},"type":"if","locations":[{"start":{"line":569,"column":12},"end":{"line":573,"column":13}}]},"85":{"loc":{"start":{"line":577,"column":4},"end":{"line":581,"column":5}},"type":"if","locations":[{"start":{"line":577,"column":4},"end":{"line":581,"column":5}}]},"86":{"loc":{"start":{"line":584,"column":0},"end":{"line":587,"column":1}},"type":"if","locations":[{"start":{"line":584,"column":0},"end":{"line":587,"column":1}}]}},"s":{"0":1,"1":1,"2":1,"3":1,"4":1,"5":1,"6":14,"7":14,"8":14,"9":14,"10":14,"11":14,"12":14,"13":14,"14":14,"15":14,"16":14,"17":14,"18":14,"19":0,"20":0,"21":14,"22":14,"23":2,"24":12,"25":14,"26":14,"27":14,"28":14,"29":14,"30":14,"31":126,"32":48,"33":48,"34":48,"35":0,"36":0,"37":126,"38":126,"39":306,"40":306,"41":306,"42":306,"43":306,"44":306,"45":306,"46":8,"47":298,"48":9,"49":9,"50":0,"51":0,"52":0,"53":0,"54":0,"55":0,"56":0,"57":0,"58":0,"59":0,"60":0,"61":0,"62":0,"63":14,"64":14,"65":14,"66":24,"67":0,"68":0,"69":24,"70":0,"71":0,"72":0,"73":0,"74":0,"75":0,"76":0,"77":0,"78":24,"79":24,"80":2,"81":2,"82":2,"83":2,"84":0,"85":0,"86":0,"87":0,"88":0,"89":0,"90":0,"91":0,"92":0,"93":0,"94":0,"95":0,"96":0,"97":0,"98":0,"99":0,"100":0,"101":0,"102":0,"103":0,"104":0,"105":0,"106":0,"107":0,"108":0,"109":0,"110":0,"111":0,"112":0,"113":0,"114":0,"115":0,"116":0,"117":0,"118":0,"119":0,"120":0,"121":0,"122":0,"123":0,"124":0,"125":0,"126":0,"127":0,"128":0,"129":24,"130":24,"131":24,"132":24,"133":24,"134":23,"135":23,"136":23,"137":2,"138":2,"139":2,"140":2,"141":4,"142":23,"143":23,"144":23,"145":23,"146":23,"147":23,"148":14,"149":14,"150":14,"151":14,"152":14,"153":14,"154":2,"155":2,"156":2,"157":2,"158":2,"159":2,"160":9,"161":9,"162":9,"163":9,"164":9,"165":9,"166":9,"167":9,"168":9,"169":9,"170":9,"171":0,"172":9,"173":9,"174":9,"175":1,"176":1,"177":1,"178":1,"179":14,"180":2,"181":2,"182":2,"183":2,"184":2,"185":14,"186":14,"187":14,"188":14,"189":14,"190":14,"191":1,"192":1,"193":0,"194":0,"195":0,"196":0,"197":1,"198":0,"199":0,"200":0,"201":1,"202":1,"203":14,"204":2,"205":2,"206":2,"207":0,"208":0,"209":0,"210":0,"211":0,"212":0,"213":0,"214":0,"215":2,"216":9,"217":9,"218":9,"219":9,"220":9,"221":9,"222":9,"223":9,"224":9,"225":9,"226":9,"227":9,"228":0,"229":0,"230":9,"231":9,"232":9,"233":9,"234":9,"235":9,"236":9,"237":9,"238":9,"239":9,"240":0,"241":9,"242":9,"243":9,"244":9,"245":9,"246":9,"247":25,"248":25,"249":25,"250":25,"251":25,"252":25,"253":25,"254":25,"255":25,"256":25,"257":25,"258":50,"259":0,"260":0,"261":0,"262":25,"263":25,"264":25,"265":25,"266":25,"267":0,"268":0,"269":0,"270":9,"271":0,"272":0,"273":0,"274":9,"275":25,"276":25,"277":25,"278":25,"279":25,"280":9,"281":9,"282":0,"283":0,"284":0,"285":0,"286":0,"287":0,"288":0,"289":0,"290":0,"291":0,"292":0,"293":0,"294":0,"295":0,"296":0,"297":0,"298":0,"299":0,"300":9,"301":9,"302":14,"303":14,"304":14,"305":14,"306":18,"307":18,"308":18,"309":18,"310":18,"311":94,"312":94,"313":94,"314":94,"315":94,"316":94,"317":121,"318":80,"319":80,"320":80,"321":94,"322":14,"323":14,"324":14,"325":18,"326":4,"327":4,"328":4,"329":14,"330":4,"331":4,"332":14,"333":1},"f":{"0":14,"1":0,"2":24,"3":0,"4":24,"5":4,"6":2,"7":9,"8":9,"9":25,"10":25,"11":25},"b":{"0":[6,8],"1":[6,8],"2":[14,0],"3":[0],"4":[2,12],"5":[14,2,0],"6":[2,0],"7":[12,0],"8":[48],"9":[126,126,78],"10":[48,0],"11":[48,48,48],"12":[306],"13":[8],"14":[9],"15":[0,0],"16":[0],"17":[0,0,0],"18":[0],"19":[24,24],"20":[0],"21":[0,0,0],"22":[2],"23":[24,24],"24":[2],"25":[2,2,2,1],"26":[0],"27":[0],"28":[0,0],"29":[0,0],"30":[0,0],"31":[0],"32":[0,0],"33":[0],"34":[0,0],"35":[0],"36":[0,0],"37":[0],"38":[0],"39":[23],"40":[24,24,24,24,24,1,0,0,0],"41":[2],"42":[23],"43":[6,8],"44":[2,12],"45":[9],"46":[9,0],"47":[1],"48":[2],"49":[0,2],"50":[14],"51":[1],"52":[14,14],"53":[0],"54":[0],"55":[2],"56":[14,14],"57":[0,2],"58":[2,0,0,0,2],"59":[2,2],"60":[0,0],"61":[0,0],"62":[9],"63":[0],"64":[9],"65":[9,9,9,9],"66":[9],"67":[0,9],"68":[0],"69":[25],"70":[25,25,25],"71":[0],"72":[25],"73":[0],"74":[0],"75":[0],"76":[9,9],"77":[25,25],"78":[0],"79":[9,0],"80":[0,0],"81":[94],"82":[94,94,94],"83":[80],"84":[14],"85":[4],"86":[4]}}
,"C:\\Users\\George\\Desktop\\PracticeProjects\\chess\\client\\src\\testUtils\\testBoards.ts": {"path":"C:\\Users\\George\\Desktop\\PracticeProjects\\chess\\client\\src\\testUtils\\testBoards.ts","statementMap":{"0":{"start":{"line":4,"column":0},"end":{"line":4,"column":16}},"1":{"start":{"line":9,"column":0},"end":{"line":9,"column":16}},"2":{"start":{"line":20,"column":0},"end":{"line":20,"column":16}},"3":{"start":{"line":70,"column":0},"end":{"line":70,"column":16}},"4":{"start":{"line":5,"column":2},"end":{"line":5,"column":84}},"5":{"start":{"line":10,"column":2},"end":{"line":17,"column":4}},"6":{"start":{"line":21,"column":22},"end":{"line":21,"column":23}},"7":{"start":{"line":22,"column":45},"end":{"line":22,"column":47}},"8":{"start":{"line":25,"column":39},"end":{"line":34,"column":6}},"9":{"start":{"line":35,"column":4},"end":{"line":46,"column":5}},"10":{"start":{"line":36,"column":31},"end":{"line":36,"column":33}},"11":{"start":{"line":37,"column":6},"end":{"line":44,"column":7}},"12":{"start":{"line":37,"column":19},"end":{"line":37,"column":20}},"13":{"start":{"line":38,"column":21},"end":{"line":38,"column":31}},"14":{"start":{"line":39,"column":21},"end":{"line":39,"column":31}},"15":{"start":{"line":40,"column":8},"end":{"line":42,"column":9}},"16":{"start":{"line":41,"column":10},"end":{"line":41,"column":16}},"17":{"start":{"line":43,"column":8},"end":{"line":43,"column":32}},"18":{"start":{"line":45,"column":6},"end":{"line":45,"column":36}},"19":{"start":{"line":49,"column":38},"end":{"line":54,"column":6}},"20":{"start":{"line":55,"column":4},"end":{"line":64,"column":5}},"21":{"start":{"line":56,"column":19},"end":{"line":56,"column":25}},"22":{"start":{"line":57,"column":19},"end":{"line":57,"column":25}},"23":{"start":{"line":58,"column":6},"end":{"line":63,"column":7}},"24":{"start":{"line":60,"column":8},"end":{"line":60,"column":48}},"25":{"start":{"line":62,"column":8},"end":{"line":62,"column":36}},"26":{"start":{"line":66,"column":4},"end":{"line":66,"column":30}},"27":{"start":{"line":71,"column":31},"end":{"line":71,"column":33}},"28":{"start":{"line":72,"column":12},"end":{"line":72,"column":13}},"29":{"start":{"line":73,"column":2},"end":{"line":79,"column":3}},"30":{"start":{"line":73,"column":15},"end":{"line":73,"column":16}},"31":{"start":{"line":74,"column":29},"end":{"line":74,"column":31}},"32":{"start":{"line":75,"column":4},"end":{"line":77,"column":5}},"33":{"start":{"line":75,"column":17},"end":{"line":75,"column":18}},"34":{"start":{"line":76,"column":6},"end":{"line":76,"column":41}},"35":{"start":{"line":78,"column":4},"end":{"line":78,"column":20}},"36":{"start":{"line":80,"column":2},"end":{"line":80,"column":15}},"37":{"start":{"line":92,"column":13},"end":{"line":224,"column":7}},"38":{"start":{"line":93,"column":18},"end":{"line":93,"column":36}},"39":{"start":{"line":94,"column":14},"end":{"line":94,"column":15}},"40":{"start":{"line":97,"column":22},"end":{"line":97,"column":65}},"41":{"start":{"line":98,"column":4},"end":{"line":98,"column":28}},"42":{"start":{"line":102,"column":23},"end":{"line":102,"column":66}},"43":{"start":{"line":103,"column":4},"end":{"line":103,"column":29}},"44":{"start":{"line":104,"column":23},"end":{"line":104,"column":66}},"45":{"start":{"line":105,"column":4},"end":{"line":105,"column":29}},"46":{"start":{"line":106,"column":23},"end":{"line":106,"column":66}},"47":{"start":{"line":107,"column":4},"end":{"line":107,"column":29}},"48":{"start":{"line":110,"column":24},"end":{"line":110,"column":69}},"49":{"start":{"line":111,"column":4},"end":{"line":111,"column":30}},"50":{"start":{"line":114,"column":22},"end":{"line":114,"column":65}},"51":{"start":{"line":115,"column":4},"end":{"line":115,"column":28}},"52":{"start":{"line":118,"column":27},"end":{"line":121,"column":6}},"53":{"start":{"line":124,"column":58},"end":{"line":157,"column":8}},"54":{"start":{"line":161,"column":58},"end":{"line":194,"column":6}},"55":{"start":{"line":196,"column":39},"end":{"line":199,"column":6}},"56":{"start":{"line":202,"column":26},"end":{"line":205,"column":6}},"57":{"start":{"line":209,"column":24},"end":{"line":209,"column":68}},"58":{"start":{"line":210,"column":28},"end":{"line":210,"column":57}},"59":{"start":{"line":212,"column":4},"end":{"line":223,"column":6}},"60":{"start":{"line":230,"column":13},"end":{"line":262,"column":5}},"61":{"start":{"line":231,"column":16},"end":{"line":231,"column":34}},"62":{"start":{"line":232,"column":12},"end":{"line":232,"column":13}},"63":{"start":{"line":235,"column":20},"end":{"line":235,"column":63}},"64":{"start":{"line":236,"column":2},"end":{"line":236,"column":26}},"65":{"start":{"line":237,"column":20},"end":{"line":237,"column":63}},"66":{"start":{"line":238,"column":2},"end":{"line":238,"column":26}},"67":{"start":{"line":241,"column":20},"end":{"line":241,"column":63}},"68":{"start":{"line":242,"column":2},"end":{"line":242,"column":26}},"69":{"start":{"line":245,"column":25},"end":{"line":248,"column":4}},"70":{"start":{"line":250,"column":2},"end":{"line":261,"column":4}},"71":{"start":{"line":269,"column":13},"end":{"line":298,"column":5}},"72":{"start":{"line":270,"column":16},"end":{"line":270,"column":34}},"73":{"start":{"line":271,"column":12},"end":{"line":271,"column":13}},"74":{"start":{"line":273,"column":20},"end":{"line":273,"column":63}},"75":{"start":{"line":274,"column":2},"end":{"line":274,"column":26}},"76":{"start":{"line":275,"column":20},"end":{"line":275,"column":63}},"77":{"start":{"line":276,"column":2},"end":{"line":276,"column":26}},"78":{"start":{"line":278,"column":20},"end":{"line":278,"column":63}},"79":{"start":{"line":279,"column":2},"end":{"line":279,"column":26}},"80":{"start":{"line":281,"column":25},"end":{"line":284,"column":4}},"81":{"start":{"line":286,"column":2},"end":{"line":297,"column":4}}},"fnMap":{"0":{"name":"emptySquare","decl":{"start":{"line":4,"column":16},"end":{"line":4,"column":27}},"loc":{"start":{"line":4,"column":63},"end":{"line":6,"column":1}}},"1":{"name":"createPiece","decl":{"start":{"line":9,"column":16},"end":{"line":9,"column":27}},"loc":{"start":{"line":9,"column":108},"end":{"line":18,"column":1}}},"2":{"name":"generateThreateningSquares","decl":{"start":{"line":20,"column":16},"end":{"line":20,"column":42}},"loc":{"start":{"line":20,"column":63},"end":{"line":67,"column":3}}},"3":{"name":"createEmptyBoard","decl":{"start":{"line":70,"column":16},"end":{"line":70,"column":32}},"loc":{"start":{"line":70,"column":32},"end":{"line":81,"column":1}}},"4":{"name":"(anonymous_4)","decl":{"start":{"line":92,"column":52},"end":{"line":92,"column":55}},"loc":{"start":{"line":92,"column":57},"end":{"line":224,"column":3}}},"5":{"name":"(anonymous_5)","decl":{"start":{"line":230,"column":45},"end":{"line":230,"column":48}},"loc":{"start":{"line":230,"column":50},"end":{"line":262,"column":1}}},"6":{"name":"(anonymous_6)","decl":{"start":{"line":269,"column":46},"end":{"line":269,"column":49}},"loc":{"start":{"line":269,"column":51},"end":{"line":298,"column":1}}}},"branchMap":{"0":{"loc":{"start":{"line":40,"column":8},"end":{"line":42,"column":9}},"type":"if","locations":[{"start":{"line":40,"column":8},"end":{"line":42,"column":9}}]},"1":{"loc":{"start":{"line":40,"column":12},"end":{"line":40,"column":74}},"type":"binary-expr","locations":[{"start":{"line":40,"column":12},"end":{"line":40,"column":20}},{"start":{"line":40,"column":24},"end":{"line":40,"column":41}},{"start":{"line":40,"column":45},"end":{"line":40,"column":53}},{"start":{"line":40,"column":57},"end":{"line":40,"column":74}}]},"2":{"loc":{"start":{"line":58,"column":6},"end":{"line":63,"column":7}},"type":"if","locations":[{"start":{"line":58,"column":6},"end":{"line":63,"column":7}},{"start":{"line":61,"column":13},"end":{"line":63,"column":7}}]},"3":{"loc":{"start":{"line":58,"column":10},"end":{"line":58,"column":72}},"type":"binary-expr","locations":[{"start":{"line":58,"column":10},"end":{"line":58,"column":19}},{"start":{"line":58,"column":23},"end":{"line":58,"column":39}},{"start":{"line":58,"column":43},"end":{"line":58,"column":52}},{"start":{"line":58,"column":56},"end":{"line":58,"column":72}}]}},"s":{"0":1,"1":1,"2":1,"3":1,"4":1088,"5":71,"6":52,"7":52,"8":52,"9":52,"10":416,"11":416,"12":416,"13":1456,"14":1456,"15":1456,"16":364,"17":1092,"18":416,"19":52,"20":52,"21":416,"22":416,"23":416,"24":208,"25":208,"26":52,"27":17,"28":17,"29":17,"30":17,"31":136,"32":136,"33":136,"34":1088,"35":136,"36":17,"37":1,"38":1,"39":1,"40":1,"41":1,"42":1,"43":1,"44":1,"45":1,"46":1,"47":1,"48":1,"49":1,"50":1,"51":1,"52":1,"53":1,"54":1,"55":1,"56":1,"57":1,"58":1,"59":1,"60":1,"61":1,"62":1,"63":1,"64":1,"65":1,"66":1,"67":1,"68":1,"69":1,"70":1,"71":1,"72":1,"73":1,"74":1,"75":1,"76":1,"77":1,"78":1,"79":1,"80":1,"81":1},"f":{"0":1088,"1":71,"2":52,"3":17,"4":1,"5":1,"6":1},"b":{"0":[364],"1":[1456,1354,1300,1196],"2":[208,208],"3":[416,280,208,208]}}
}
