TN:
SF:src\gameLogic\calculateThreateningSquares.ts
FN:3,calculateThreateningSquares
FN:30,(anonymous_1)
FNF:2
FNH:2
FNDA:58,calculateThreateningSquares
FNDA:928,(anonymous_1)
DA:3,1
DA:10,58
DA:11,58
DA:13,0
DA:15,58
DA:17,58
DA:25,58
DA:26,0
DA:27,0
DA:30,58
DA:31,928
DA:34,928
DA:35,464
DA:36,464
DA:37,464
DA:38,464
DA:39,270
DA:41,194
DA:45,464
DA:46,464
DA:47,1681
DA:48,1681
DA:49,1681
DA:50,1681
DA:51,1256
DA:53,425
DA:56,464
DA:59,58
DA:60,58
DA:63,1
LF:30
LH:27
BRDA:10,0,0,58
BRDA:10,0,1,0
BRDA:25,1,0,0
BRDA:34,2,0,464
BRDA:34,3,0,928
BRDA:34,3,1,232
BRDA:34,3,2,696
BRDA:34,3,3,580
BRDA:38,4,0,270
BRDA:38,5,0,464
BRDA:38,5,1,326
BRDA:38,5,2,270
BRDA:38,5,3,270
BRDA:50,6,0,1256
BRDA:50,6,1,425
BRDA:50,7,0,1681
BRDA:50,7,1,1549
BRDA:50,7,2,1488
BRDA:50,7,3,1372
BRF:19
BRH:17
end_of_record
TN:
SF:src\gameLogic\enPassant.ts
FN:3,enPassant
FNF:1
FNH:1
FNDA:1,enPassant
DA:4,1
DA:7,1
DA:8,0
DA:9,0
DA:12,1
DA:13,1
DA:14,1
DA:19,1
DA:28,1
DA:32,1
DA:33,1
DA:34,0
DA:35,0
DA:40,0
DA:44,1
DA:47,1
DA:48,0
DA:56,0
DA:57,0
DA:61,1
DA:64,1
LF:21
LH:13
BRDA:7,0,0,0
BRDA:13,1,0,1
BRDA:13,1,1,0
BRDA:14,2,0,1
BRDA:14,2,1,0
BRDA:19,3,0,1
BRDA:19,3,1,1
BRDA:19,3,2,1
BRDA:19,3,3,1
BRDA:19,3,4,0
BRDA:33,4,0,0
BRDA:35,5,0,0
BRDA:35,6,0,0
BRDA:35,6,1,0
BRDA:35,6,2,0
BRDA:35,6,3,0
BRDA:35,6,4,0
BRDA:47,7,0,0
BRDA:47,8,0,1
BRDA:47,8,1,0
BRF:20
BRH:7
end_of_record
TN:
SF:src\gameLogic\isCheckOpponent.ts
FN:16,isKnightAttackingPosition
FN:28,(anonymous_2)
FN:44,isPawnAttackingKing
FN:68,isCheckOpponent
FN:138,canBlock
FN:235,(anonymous_6)
FNF:6
FNH:6
FNDA:23,isKnightAttackingPosition
FNDA:51,(anonymous_2)
FNDA:16,isPawnAttackingKing
FNDA:23,isCheckOpponent
FNDA:46,canBlock
FNDA:76,(anonymous_6)
DA:2,1
DA:21,23
DA:28,51
DA:29,23
DA:30,6
DA:31,6
DA:32,12
DA:33,12
DA:34,12
DA:35,12
DA:36,6
DA:41,17
DA:45,16
DA:49,16
DA:51,16
DA:52,29
DA:53,29
DA:56,29
DA:57,29
DA:58,29
DA:59,3
DA:60,3
DA:65,13
DA:69,23
DA:70,23
DA:71,23
DA:72,23
DA:73,23
DA:74,23
DA:75,23
DA:76,23
DA:77,23
DA:82,23
DA:83,23
DA:84,23
DA:85,23
DA:94,23
DA:95,0
DA:99,23
DA:100,23
DA:105,23
DA:106,6
DA:107,6
DA:111,23
DA:112,1
DA:114,1
DA:117,1
DA:118,1
DA:121,0
DA:124,0
DA:125,0
DA:130,23
DA:131,3
DA:132,3
DA:135,23
DA:140,46
DA:141,46
DA:142,46
DA:143,46
DA:145,46
DA:146,46
DA:155,46
DA:156,46
DA:157,46
DA:158,46
DA:160,46
DA:163,46
DA:164,10
DA:165,10
DA:166,10
DA:169,46
DA:170,552
DA:172,552
DA:173,172
DA:174,172
DA:177,380
DA:178,380
DA:179,948
DA:180,948
DA:181,948
DA:182,948
DA:183,948
DA:184,948
DA:185,50
DA:186,50
DA:188,898
DA:189,136
DA:190,136
DA:192,762
DA:193,704
DA:194,704
DA:198,58
DA:199,58
DA:200,4
DA:203,4
DA:210,54
DA:215,36
DA:216,36
DA:218,18
DA:219,18
DA:220,18
DA:221,18
DA:222,18
DA:223,18
DA:224,18
DA:225,18
DA:228,36
DA:229,2
DA:230,2
DA:231,2
DA:232,2
DA:235,34
DA:236,76
DA:242,76
DA:244,76
DA:245,22
DA:247,22
DA:252,54
DA:255,34
DA:256,34
DA:257,544
DA:258,1216
DA:260,0
DA:261,0
DA:262,0
DA:265,544
DA:266,0
DA:269,34
DA:270,0
DA:273,362
DA:274,0
DA:277,362
DA:278,22
DA:279,22
DA:280,22
DA:281,22
DA:282,22
DA:283,22
DA:284,22
DA:285,22
DA:286,22
DA:290,0
DA:291,0
DA:292,0
DA:297,6
DA:301,23
DA:302,23
DA:305,23
DA:306,23
DA:307,23
DA:308,23
DA:309,23
DA:310,23
DA:311,23
DA:314,23
DA:315,11
DA:316,19
DA:317,19
DA:318,19
DA:319,19
DA:320,19
DA:321,19
DA:323,19
DA:324,0
DA:325,0
DA:326,0
DA:327,0
DA:328,0
DA:332,19
DA:333,19
DA:334,9
DA:335,9
DA:336,9
DA:337,9
DA:338,9
DA:339,9
DA:340,9
DA:341,9
DA:346,23
DA:347,23
DA:348,23
DA:349,23
DA:350,23
DA:351,17
DA:352,17
DA:353,17
DA:354,27
DA:355,27
DA:356,7
DA:357,7
DA:358,7
DA:361,17
DA:362,7
DA:363,7
DA:369,23
DA:373,23
DA:375,7
DA:376,7
DA:383,23
DA:386,23
DA:389,23
DA:391,23
DA:392,23
DA:393,23
DA:394,23
DA:397,1
LF:206
LH:188
BRDA:34,0,0,12
BRDA:34,1,0,12
BRDA:34,1,1,12
BRDA:34,1,2,12
BRDA:34,1,3,12
BRDA:35,2,0,6
BRDA:35,3,0,12
BRDA:35,3,1,12
BRDA:49,4,0,10
BRDA:49,4,1,6
BRDA:56,5,0,29
BRDA:56,6,0,29
BRDA:56,6,1,29
BRDA:56,6,2,29
BRDA:56,6,3,29
BRDA:58,7,0,3
BRDA:58,8,0,29
BRDA:58,8,1,5
BRDA:76,9,0,6
BRDA:76,9,1,17
BRDA:77,10,0,17
BRDA:77,10,1,6
BRDA:83,11,0,23
BRDA:94,12,0,0
BRDA:94,13,0,23
BRDA:94,13,1,23
BRDA:94,13,2,23
BRDA:105,14,0,6
BRDA:111,15,0,1
BRDA:111,16,0,23
BRDA:111,16,1,1
BRDA:114,17,0,1
BRDA:114,17,1,0
BRDA:114,18,0,1
BRDA:114,18,1,1
BRDA:114,18,2,1
BRDA:121,19,0,0
BRDA:121,20,0,0
BRDA:121,20,1,0
BRDA:121,20,2,0
BRDA:130,21,0,3
BRDA:130,22,0,23
BRDA:130,22,1,16
BRDA:146,23,0,34
BRDA:146,23,1,12
BRDA:163,24,0,10
BRDA:163,25,0,46
BRDA:163,25,1,22
BRDA:163,25,2,14
BRDA:172,26,0,172
BRDA:179,27,0,948
BRDA:184,28,0,50
BRDA:184,29,0,948
BRDA:184,29,1,70
BRDA:188,30,0,136
BRDA:188,31,0,898
BRDA:188,31,1,140
BRDA:192,32,0,704
BRDA:192,33,0,762
BRDA:192,33,1,762
BRDA:192,33,2,58
BRDA:199,34,0,4
BRDA:210,35,0,36
BRDA:210,35,1,18
BRDA:210,36,0,54
BRDA:210,36,1,40
BRDA:210,36,2,34
BRDA:210,36,3,26
BRDA:210,36,4,14
BRDA:210,36,5,10
BRDA:210,36,6,8
BRDA:210,36,7,18
BRDA:210,36,8,4
BRDA:210,36,9,18
BRDA:210,36,10,6
BRDA:210,36,11,2
BRDA:218,37,0,18
BRDA:228,38,0,2
BRDA:228,39,0,36
BRDA:228,39,1,36
BRDA:228,39,2,34
BRDA:228,39,3,32
BRDA:228,39,4,8
BRDA:244,40,0,22
BRDA:244,40,1,54
BRDA:258,41,0,0
BRDA:258,42,0,1216
BRDA:258,42,1,0
BRDA:265,43,0,0
BRDA:269,44,0,0
BRDA:273,45,0,0
BRDA:277,46,0,22
BRDA:278,47,0,22
BRDA:278,47,1,0
BRDA:280,48,0,22
BRDA:283,49,0,22
BRDA:283,50,0,22
BRDA:283,50,1,22
BRDA:283,50,2,0
BRDA:314,51,0,11
BRDA:314,52,0,23
BRDA:314,52,1,11
BRDA:317,53,0,19
BRDA:323,54,0,0
BRDA:326,55,0,0
BRDA:326,56,0,0
BRDA:326,56,1,0
BRDA:326,56,2,0
BRDA:333,57,0,9
BRDA:333,58,0,19
BRDA:333,58,1,19
BRDA:348,59,0,23
BRDA:348,60,0,23
BRDA:348,60,1,23
BRDA:349,61,0,23
BRDA:355,62,0,7
BRDA:355,63,0,27
BRDA:355,63,1,21
BRDA:355,63,2,7
BRDA:361,64,0,7
BRDA:373,65,0,7
BRF:121
BRH:103
end_of_record
TN:
SF:src\gameLogic\pawnPromotion.ts
FN:6,isPawnPromotion
FN:24,handlePawnPromotion
FN:56,(anonymous_2)
FN:89,getPromotionChoices
FNF:4
FNH:1
FNDA:1,isPawnPromotion
FNDA:0,handlePawnPromotion
FNDA:0,(anonymous_2)
FNDA:0,getPromotionChoices
DA:7,1
DA:8,0
DA:11,1
DA:14,1
DA:31,0
DA:32,0
DA:33,0
DA:36,0
DA:39,0
DA:42,0
DA:50,0
DA:51,0
DA:54,0
DA:55,0
DA:56,0
DA:59,0
DA:60,0
DA:68,0
DA:80,0
DA:82,0
DA:90,0
DA:93,1
LF:22
LH:4
BRDA:7,0,0,0
BRDA:14,1,0,1
BRDA:14,1,1,1
BRDA:14,1,2,1
BRDA:14,1,3,0
BRDA:28,2,0,0
BRDA:31,3,0,0
BRDA:31,4,0,0
BRDA:31,4,1,0
BRDA:56,5,0,0
BRDA:56,5,1,0
BRDA:59,6,0,0
BRF:12
BRH:3
end_of_record
TN:
SF:src\gameLogic\pieceMoves.ts
FN:5,ensureValidPosition
FN:35,getMovesForPiece
FN:42,(anonymous_2)
FN:49,(anonymous_3)
FN:49,(anonymous_4)
FN:56,getPawnMoves
FN:131,getLinearMoves
FN:146,(anonymous_7)
FN:189,getFixedMoves
FN:197,(anonymous_9)
FN:212,(anonymous_10)
FN:218,(anonymous_11)
FNF:12
FNH:12
FNDA:16,ensureValidPosition
FNDA:16,getMovesForPiece
FNDA:189,(anonymous_2)
FNDA:20,(anonymous_3)
FNDA:320,(anonymous_4)
FNDA:1,getPawnMoves
FNDA:10,getLinearMoves
FNDA:56,(anonymous_7)
FNDA:5,getFixedMoves
FNDA:40,(anonymous_9)
FNDA:40,(anonymous_10)
FNDA:20,(anonymous_11)
DA:6,16
DA:7,0
DA:9,16
DA:12,1
DA:29,1
DA:30,1
DA:31,1
DA:32,1
DA:36,16
DA:37,16
DA:40,16
DA:42,189
DA:43,16
DA:45,16
DA:46,4
DA:47,4
DA:48,4
DA:49,320
DA:51,12
DA:52,12
DA:54,0
DA:57,1
DA:58,1
DA:61,1
DA:62,1
DA:63,1
DA:65,1
DA:68,1
DA:75,1
DA:79,1
DA:80,1
DA:81,1
DA:83,1
DA:91,1
DA:92,1
DA:97,1
DA:101,1
DA:105,1
DA:108,1
DA:115,0
DA:117,1
DA:124,0
DA:126,1
DA:127,1
DA:129,1
DA:132,10
DA:134,10
DA:135,4
DA:136,6
DA:137,2
DA:138,1
DA:140,1
DA:143,4
DA:145,10
DA:146,10
DA:147,56
DA:148,56
DA:149,206
DA:150,206
DA:151,206
DA:152,40
DA:153,40
DA:155,166
DA:156,166
DA:157,166
DA:158,166
DA:166,166
DA:167,14
DA:168,14
DA:169,7
DA:171,7
DA:172,7
DA:173,7
DA:175,7
DA:178,56
DA:179,56
DA:184,10
DA:185,10
DA:186,10
DA:190,5
DA:191,0
DA:194,5
DA:195,5
DA:197,5
DA:198,40
DA:199,40
DA:200,40
DA:207,28
DA:209,12
DA:211,5
DA:212,40
DA:214,5
DA:216,4
DA:217,4
DA:218,4
DA:219,20
DA:221,4
DA:223,5
DA:226,1
LF:99
LH:94
BRDA:6,0,0,0
BRDA:6,1,0,16
BRDA:6,1,1,16
BRDA:36,2,0,16
BRDA:36,3,0,16
BRDA:36,3,1,16
BRDA:45,4,0,4
BRDA:46,5,0,0
BRDA:46,5,1,4
BRDA:47,6,0,4
BRDA:47,6,1,4
BRDA:49,7,0,20
BRDA:49,7,1,20
BRDA:49,7,2,20
BRDA:49,8,0,320
BRDA:49,8,1,0
BRDA:62,9,0,0
BRDA:62,9,1,1
BRDA:68,10,0,1
BRDA:69,11,0,1
BRDA:69,11,1,1
BRDA:69,11,2,1
BRDA:69,11,3,1
BRDA:69,11,4,1
BRDA:79,12,0,1
BRDA:80,13,0,0
BRDA:80,13,1,1
BRDA:83,14,0,1
BRDA:84,15,0,1
BRDA:84,15,1,1
BRDA:84,15,2,1
BRDA:84,15,3,1
BRDA:84,15,4,1
BRDA:84,15,5,1
BRDA:98,16,0,0
BRDA:98,16,1,1
BRDA:99,17,0,0
BRDA:99,17,1,1
BRDA:102,18,0,0
BRDA:102,18,1,1
BRDA:103,19,0,0
BRDA:103,19,1,1
BRDA:105,20,0,1
BRDA:105,20,1,0
BRDA:108,21,0,0
BRDA:109,22,0,1
BRDA:109,22,1,1
BRDA:109,22,2,1
BRDA:109,22,3,1
BRDA:109,22,4,1
BRDA:117,23,0,0
BRDA:118,24,0,1
BRDA:118,24,1,1
BRDA:118,24,2,1
BRDA:118,24,3,1
BRDA:118,24,4,1
BRDA:134,25,0,4
BRDA:134,25,1,6
BRDA:136,26,0,2
BRDA:136,26,1,4
BRDA:137,27,0,1
BRDA:137,27,1,1
BRDA:151,28,0,40
BRDA:151,29,0,206
BRDA:151,29,1,195
BRDA:151,29,2,187
BRDA:151,29,3,175
BRDA:166,30,0,14
BRDA:168,31,0,7
BRDA:190,32,0,0
BRDA:190,33,0,5
BRDA:190,33,1,4
BRDA:194,34,0,1
BRDA:194,34,1,4
BRDA:200,35,0,28
BRDA:201,36,0,40
BRDA:201,36,1,28
BRDA:201,36,2,28
BRDA:201,36,3,28
BRDA:201,36,4,28
BRDA:201,36,5,28
BRDA:214,37,0,4
BRDA:216,38,0,0
BRDA:216,38,1,4
BRDA:219,39,0,20
BRDA:219,39,1,0
BRF:86
BRH:71
end_of_record
TN:
SF:src\gameLogic\validMoves.ts
FN:10,validMoves
FN:76,checkPositionsBetweenAreEmpty
FN:100,(anonymous_3)
FN:107,isSquareUnderAttack
FN:121,(anonymous_5)
FN:238,(anonymous_6)
FN:276,isCheckmate
FN:419,isSurroundedByFriendlies
FN:453,performValidMove
FN:504,(anonymous_10)
FN:505,(anonymous_11)
FN:506,(anonymous_12)
FNF:12
FNH:10
FNDA:14,validMoves
FNDA:0,checkPositionsBetweenAreEmpty
FNDA:24,(anonymous_3)
FNDA:0,isSquareUnderAttack
FNDA:24,(anonymous_5)
FNDA:4,(anonymous_6)
FNDA:2,isCheckmate
FNDA:9,isSurroundedByFriendlies
FNDA:9,performValidMove
FNDA:25,(anonymous_10)
FNDA:25,(anonymous_11)
FNDA:25,(anonymous_12)
DA:2,1
DA:3,1
DA:4,1
DA:5,1
DA:6,1
DA:7,1
DA:11,14
DA:12,14
DA:13,14
DA:14,14
DA:17,14
DA:18,14
DA:19,14
DA:20,14
DA:21,14
DA:22,14
DA:23,14
DA:24,14
DA:27,14
DA:28,0
DA:29,0
DA:32,14
DA:33,14
DA:34,2
DA:36,12
DA:39,14
DA:42,14
DA:43,14
DA:44,14
DA:47,14
DA:48,126
DA:49,48
DA:50,48
DA:51,48
DA:53,0
DA:54,0
DA:57,126
DA:58,306
DA:59,306
DA:60,306
DA:61,306
DA:62,306
DA:63,306
DA:64,306
DA:66,8
DA:68,298
DA:70,9
DA:71,9
DA:77,0
DA:78,0
DA:80,0
DA:81,0
DA:83,0
DA:85,0
DA:86,0
DA:87,0
DA:88,0
DA:89,0
DA:91,0
DA:94,0
DA:95,0
DA:97,14
DA:98,14
DA:100,14
DA:101,24
DA:102,0
DA:103,0
DA:106,24
DA:109,0
DA:110,0
DA:111,0
DA:112,0
DA:115,0
DA:119,0
DA:121,24
DA:122,24
DA:123,2
DA:126,2
DA:129,2
DA:130,2
DA:134,0
DA:135,0
DA:136,0
DA:137,0
DA:141,0
DA:142,0
DA:143,0
DA:144,0
DA:147,0
DA:148,0
DA:149,0
DA:152,0
DA:153,0
DA:155,0
DA:158,0
DA:159,0
DA:160,0
DA:161,0
DA:162,0
DA:166,0
DA:167,0
DA:168,0
DA:169,0
DA:173,0
DA:174,0
DA:176,0
DA:177,0
DA:178,0
DA:179,0
DA:180,0
DA:185,0
DA:187,0
DA:189,0
DA:192,0
DA:193,0
DA:194,0
DA:195,0
DA:196,0
DA:201,0
DA:202,0
DA:205,0
DA:206,0
DA:210,24
DA:211,24
DA:212,24
DA:214,24
DA:215,24
DA:224,23
DA:229,23
DA:233,23
DA:235,2
DA:236,2
DA:237,2
DA:238,4
DA:241,23
DA:244,23
DA:254,23
DA:255,23
DA:256,23
DA:257,23
DA:267,14
DA:268,14
DA:269,14
DA:270,14
DA:274,14
DA:275,14
DA:277,2
DA:280,2
DA:282,2
DA:285,2
DA:286,2
DA:289,2
DA:290,9
DA:293,9
DA:294,9
DA:296,9
DA:298,9
DA:299,9
DA:300,9
DA:301,9
DA:302,9
DA:306,9
DA:308,9
DA:310,0
DA:313,9
DA:314,9
DA:315,9
DA:316,1
DA:317,1
DA:324,1
DA:325,1
DA:327,14
DA:328,2
DA:329,2
DA:330,2
DA:331,2
DA:332,2
DA:367,14
DA:368,14
DA:369,14
DA:370,14
DA:371,14
DA:374,14
DA:375,1
DA:376,1
DA:377,0
DA:378,0
DA:379,0
DA:380,0
DA:382,1
DA:383,0
DA:384,0
DA:385,0
DA:388,1
DA:389,1
DA:393,14
DA:394,2
DA:396,2
DA:398,2
DA:399,0
DA:401,0
DA:405,0
DA:406,0
DA:407,0
DA:408,0
DA:409,0
DA:411,0
DA:414,2
DA:420,9
DA:421,9
DA:422,9
DA:423,9
DA:428,9
DA:429,9
DA:430,9
DA:431,9
DA:432,9
DA:433,9
DA:434,9
DA:435,0
DA:436,0
DA:438,9
DA:439,9
DA:440,9
DA:441,9
DA:442,9
DA:443,9
DA:444,9
DA:448,9
DA:449,9
DA:454,9
DA:455,0
DA:457,9
DA:458,9
DA:459,9
DA:460,9
DA:461,9
DA:462,25
DA:463,25
DA:465,25
DA:467,25
DA:468,25
DA:470,25
DA:472,25
DA:473,25
DA:475,25
DA:476,50
DA:477,0
DA:478,0
DA:479,0
DA:483,25
DA:484,25
DA:485,25
DA:486,25
DA:491,25
DA:492,0
DA:493,0
DA:494,0
DA:498,9
DA:499,0
DA:500,0
DA:501,0
DA:504,9
DA:505,25
DA:506,25
DA:507,25
DA:509,9
DA:510,9
DA:511,0
DA:512,0
DA:513,0
DA:514,0
DA:515,0
DA:516,0
DA:517,0
DA:519,0
DA:521,0
DA:522,0
DA:523,0
DA:524,0
DA:526,0
DA:527,0
DA:530,0
DA:532,0
DA:533,0
DA:535,0
DA:537,9
DA:540,9
DA:543,14
DA:545,14
DA:547,14
DA:548,18
DA:549,18
DA:551,18
DA:553,18
DA:554,94
DA:556,94
DA:558,94
DA:559,94
DA:561,94
DA:562,121
DA:563,80
DA:564,80
DA:565,80
DA:569,94
DA:570,14
DA:571,14
DA:572,14
DA:577,18
DA:578,4
DA:579,4
DA:580,4
DA:584,14
DA:585,4
DA:586,4
DA:589,14
DA:609,1
LF:317
LH:204
BRDA:18,0,0,6
BRDA:18,0,1,8
BRDA:19,1,0,6
BRDA:19,1,1,8
BRDA:21,2,0,14
BRDA:21,2,1,0
BRDA:27,3,0,0
BRDA:33,4,0,2
BRDA:33,4,1,12
BRDA:33,5,0,14
BRDA:33,5,1,2
BRDA:33,5,2,0
BRDA:34,6,0,2
BRDA:34,6,1,0
BRDA:36,7,0,12
BRDA:36,7,1,0
BRDA:48,8,0,48
BRDA:48,9,0,126
BRDA:48,9,1,126
BRDA:48,9,2,78
BRDA:49,10,0,48
BRDA:49,10,1,0
BRDA:49,11,0,48
BRDA:49,11,1,48
BRDA:49,11,2,48
BRDA:60,12,0,306
BRDA:64,13,0,8
BRDA:68,14,0,9
BRDA:80,15,0,0
BRDA:80,15,1,0
BRDA:87,16,0,0
BRDA:87,17,0,0
BRDA:87,17,1,0
BRDA:87,17,2,0
BRDA:101,18,0,0
BRDA:101,19,0,24
BRDA:101,19,1,24
BRDA:112,20,0,0
BRDA:112,21,0,0
BRDA:112,21,1,0
BRDA:112,21,2,0
BRDA:122,22,0,2
BRDA:122,23,0,24
BRDA:122,23,1,24
BRDA:126,24,0,2
BRDA:126,25,0,2
BRDA:126,25,1,2
BRDA:126,25,2,2
BRDA:126,25,3,1
BRDA:134,26,0,0
BRDA:141,27,0,0
BRDA:149,28,0,0
BRDA:149,28,1,0
BRDA:152,29,0,0
BRDA:152,29,1,0
BRDA:155,30,0,0
BRDA:155,30,1,0
BRDA:159,31,0,0
BRDA:159,32,0,0
BRDA:159,32,1,0
BRDA:166,33,0,0
BRDA:176,34,0,0
BRDA:176,34,1,0
BRDA:177,35,0,0
BRDA:185,36,0,0
BRDA:185,36,1,0
BRDA:187,37,0,0
BRDA:193,38,0,0
BRDA:215,39,0,23
BRDA:215,40,0,24
BRDA:215,40,1,24
BRDA:215,40,2,24
BRDA:215,40,3,24
BRDA:215,40,4,24
BRDA:215,40,5,1
BRDA:215,40,6,0
BRDA:215,40,7,0
BRDA:215,40,8,0
BRDA:233,41,0,2
BRDA:254,42,0,23
BRDA:267,43,0,6
BRDA:267,43,1,8
BRDA:268,44,0,2
BRDA:268,44,1,12
BRDA:296,45,0,9
BRDA:306,46,0,9
BRDA:306,46,1,0
BRDA:315,47,0,1
BRDA:327,48,0,2
BRDA:330,49,0,0
BRDA:330,49,1,2
BRDA:369,50,0,14
BRDA:374,51,0,1
BRDA:374,52,0,14
BRDA:374,52,1,14
BRDA:376,53,0,0
BRDA:382,54,0,0
BRDA:393,55,0,2
BRDA:393,56,0,14
BRDA:393,56,1,14
BRDA:398,57,0,0
BRDA:398,57,1,2
BRDA:398,58,0,2
BRDA:398,58,1,0
BRDA:398,58,2,0
BRDA:398,58,3,0
BRDA:398,58,4,2
BRDA:398,59,0,2
BRDA:398,59,1,2
BRDA:401,60,0,0
BRDA:401,60,1,0
BRDA:405,61,0,0
BRDA:405,61,1,0
BRDA:421,62,0,9
BRDA:434,63,0,0
BRDA:438,64,0,9
BRDA:438,65,0,9
BRDA:438,65,1,9
BRDA:438,65,2,9
BRDA:438,65,3,9
BRDA:440,66,0,9
BRDA:448,67,0,0
BRDA:448,67,1,9
BRDA:454,68,0,0
BRDA:472,69,0,25
BRDA:472,70,0,25
BRDA:472,70,1,25
BRDA:472,70,2,25
BRDA:476,71,0,0
BRDA:483,72,0,25
BRDA:491,73,0,0
BRDA:498,74,0,0
BRDA:500,75,0,0
BRDA:504,76,0,9
BRDA:504,76,1,9
BRDA:507,77,0,25
BRDA:507,77,1,25
BRDA:510,78,0,0
BRDA:510,79,0,9
BRDA:510,79,1,0
BRDA:523,80,0,0
BRDA:523,80,1,0
BRDA:558,81,0,94
BRDA:558,82,0,94
BRDA:558,82,1,94
BRDA:558,82,2,94
BRDA:562,83,0,80
BRDA:569,84,0,14
BRDA:577,85,0,4
BRDA:584,86,0,4
BRF:150
BRH:88
end_of_record
TN:
SF:src\testUtils\testBoards.ts
FN:4,emptySquare
FN:9,createPiece
FN:20,generateThreateningSquares
FN:70,createEmptyBoard
FN:92,(anonymous_4)
FN:230,(anonymous_5)
FN:269,(anonymous_6)
FNF:7
FNH:7
FNDA:1088,emptySquare
FNDA:71,createPiece
FNDA:52,generateThreateningSquares
FNDA:17,createEmptyBoard
FNDA:1,(anonymous_4)
FNDA:1,(anonymous_5)
FNDA:1,(anonymous_6)
DA:4,1
DA:5,1088
DA:9,1
DA:10,71
DA:20,1
DA:21,52
DA:22,52
DA:25,52
DA:35,52
DA:36,416
DA:37,416
DA:38,1456
DA:39,1456
DA:40,1456
DA:41,364
DA:43,1092
DA:45,416
DA:49,52
DA:55,52
DA:56,416
DA:57,416
DA:58,416
DA:60,208
DA:62,208
DA:66,52
DA:70,1
DA:71,17
DA:72,17
DA:73,17
DA:74,136
DA:75,136
DA:76,1088
DA:78,136
DA:80,17
DA:92,1
DA:93,1
DA:94,1
DA:97,1
DA:98,1
DA:102,1
DA:103,1
DA:104,1
DA:105,1
DA:106,1
DA:107,1
DA:110,1
DA:111,1
DA:114,1
DA:115,1
DA:118,1
DA:124,1
DA:161,1
DA:196,1
DA:202,1
DA:209,1
DA:210,1
DA:212,1
DA:230,1
DA:231,1
DA:232,1
DA:235,1
DA:236,1
DA:237,1
DA:238,1
DA:241,1
DA:242,1
DA:245,1
DA:250,1
DA:269,1
DA:270,1
DA:271,1
DA:273,1
DA:274,1
DA:275,1
DA:276,1
DA:278,1
DA:279,1
DA:281,1
DA:286,1
LF:79
LH:79
BRDA:40,0,0,364
BRDA:40,1,0,1456
BRDA:40,1,1,1354
BRDA:40,1,2,1300
BRDA:40,1,3,1196
BRDA:58,2,0,208
BRDA:58,2,1,208
BRDA:58,3,0,416
BRDA:58,3,1,280
BRDA:58,3,2,208
BRDA:58,3,3,208
BRF:11
BRH:11
end_of_record
